2025-12-10 15:58:48 - Request received: Array
(
    [ts] => 1765371528360
    [sirket_id] => 28540
)

2025-12-10 15:58:48 - Request received: Array
(
    [ts] => 1765371528363
    [sirket_id] => 28540
)

2025-12-10 15:58:48 - Request received: Array
(
    [sirket_id] => 28540
)

2025-12-10 15:59:00 - Request received: Array
(
    [sirket_id] => 36214
)

2025-12-10 15:59:00 - Request received: Array
(
    [ts] => 1765371539926
    [sirket_id] => 36214
)

2025-12-10 15:59:00 - Request received: Array
(
    [ts] => 1765371539931
    [sirket_id] => 36214
)

2025-12-10 15:59:41 - Request received: Array
(
    [sirket_id] => 27471
)

2025-12-10 15:59:41 - Request received: Array
(
    [ts] => 1765371581586
    [sirket_id] => 27471
)

2025-12-10 15:59:42 - Request received: Array
(
    [ts] => 1765371581588
    [sirket_id] => 27471
)

2025-12-10 15:59:52 - Request received: Array
(
    [sirket_id] => 39599
)

2025-12-10 15:59:52 - Request received: Array
(
    [ts] => 1765371592754
    [sirket_id] => 39599
)

2025-12-10 15:59:53 - Request received: Array
(
    [ts] => 1765371592756
    [sirket_id] => 39599
)

2025-12-10 16:00:06 - Request received: Array
(
    [sirket_id] => 28592
)

2025-12-10 16:00:06 - Request received: Array
(
    [ts] => 1765371605918
    [sirket_id] => 28592
)

2025-12-10 16:00:06 - Request received: Array
(
    [ts] => 1765371605920
    [sirket_id] => 28592
)

2025-12-10 16:00:25 - Request received: Array
(
    [sirket_id] => 28592
)

2025-12-10 16:00:25 - Request received: Array
(
    [ts] => 1765371624959
    [sirket_id] => 28592
)

2025-12-10 16:00:25 - Request received: Array
(
    [ts] => 1765371624961
    [sirket_id] => 28592
)

2025-12-10 16:00:33 - Request received: Array
(
    [sirket_id] => 28590
)

2025-12-10 16:00:33 - Request received: Array
(
    [ts] => 1765371633075
    [sirket_id] => 28590
)

2025-12-10 16:00:33 - Request received: Array
(
    [ts] => 1765371633077
    [sirket_id] => 28590
)

2025-12-10 16:03:22 - Request received: Array
(
    [sirket_id] => 27987
)

2025-12-10 16:03:22 - Request received: Array
(
    [ts] => 1765371802166
    [sirket_id] => 27987
)

2025-12-10 16:03:22 - Request received: Array
(
    [ts] => 1765371802169
    [sirket_id] => 27987
)

2025-12-10 16:03:33 - Request received: Array
(
    [sirket_id] => 38479
)

2025-12-10 16:03:33 - Request received: Array
(
    [ts] => 1765371813761
    [sirket_id] => 38479
)

2025-12-10 16:03:34 - Request received: Array
(
    [ts] => 1765371813763
    [sirket_id] => 38479
)

2025-12-10 16:06:05 - Request received: Array
(
    [sirket_id] => 39890
)

2025-12-10 16:06:05 - Request received: Array
(
    [ts] => 1765371965712
    [sirket_id] => 39890
)

2025-12-10 16:06:06 - Request received: Array
(
    [ts] => 1765371965718
    [sirket_id] => 39890
)

2025-12-10 16:07:16 - Request received: Array
(
    [sirket_id] => 28592
)

2025-12-10 16:07:17 - Request received: Array
(
    [ts] => 1765372036599
    [sirket_id] => 28592
)

2025-12-10 16:07:17 - Request received: Array
(
    [ts] => 1765372036602
    [sirket_id] => 28592
)

2025-12-10 16:07:27 - Request received: Array
(
    [sirket_id] => 38479
)

2025-12-10 16:07:27 - Request received: Array
(
    [ts] => 1765372047421
    [sirket_id] => 38479
)

2025-12-10 16:07:27 - Request received: Array
(
    [ts] => 1765372047425
    [sirket_id] => 38479
)

2025-12-10 16:08:24 - Request received: Array
(
    [sirket_id] => 36214
)

2025-12-10 16:08:24 - Request received: Array
(
    [ts] => 1765372104056
    [sirket_id] => 36214
)

2025-12-10 16:08:24 - Request received: Array
(
    [ts] => 1765372104058
    [sirket_id] => 36214
)

2025-12-10 16:08:26 - Request received: Array
(
    [sirket_id] => 37165
)

2025-12-10 16:08:27 - Request received: Array
(
    [ts] => 1765372106619
    [sirket_id] => 37165
)

2025-12-10 16:08:27 - Request received: Array
(
    [ts] => 1765372106622
    [sirket_id] => 37165
)

2025-12-10 16:11:03 - Request received: Array
(
    [ts] => 1765372262942
    [sirket_id] => 38479
)

2025-12-10 16:11:03 - Request received: Array
(
    [sirket_id] => 38479
)

2025-12-10 16:11:03 - Request received: Array
(
    [ts] => 1765372262952
    [sirket_id] => 38479
)

2025-12-10 16:12:11 - Request received: Array
(
    [sirket_id] => 32885
)

2025-12-10 16:12:11 - Request received: Array
(
    [ts] => 1765372331219
    [sirket_id] => 32885
)

2025-12-10 16:12:11 - Request received: Array
(
    [ts] => 1765372331221
    [sirket_id] => 32885
)

2025-12-10 16:13:05 - Request received: Array
(
    [ts] => 1765372385170
    [sirket_id] => 103356
)

2025-12-10 16:13:05 - Request received: Array
(
    [sirket_id] => 103356
)

2025-12-10 16:13:05 - Request received: Array
(
    [ts] => 1765372385173
    [sirket_id] => 103356
)

2025-12-10 16:13:16 - Request received: Array
(
    [sirket_id] => 38479
)

2025-12-10 16:13:16 - Request received: Array
(
    [ts] => 1765372395885
    [sirket_id] => 38479
)

2025-12-10 16:13:16 - Request received: Array
(
    [ts] => 1765372395887
    [sirket_id] => 38479
)

2025-12-10 16:14:17 - Request received: Array
(
    [sirket_id] => 34526
)

2025-12-10 16:14:17 - Request received: Array
(
    [ts] => 1765372457664
    [sirket_id] => 34526
)

2025-12-10 16:14:18 - Request received: Array
(
    [ts] => 1765372457667
    [sirket_id] => 34526
)

2025-12-10 16:14:42 - Request received: Array
(
    [sirket_id] => 103442
)

2025-12-10 16:14:42 - Request received: Array
(
    [ts] => 1765372482429
    [sirket_id] => 103442
)

2025-12-10 16:14:42 - Request received: Array
(
    [ts] => 1765372482431
    [sirket_id] => 103442
)

2025-12-10 16:15:23 - Request received: Array
(
    [ts] => 1765372523132
    [sirket_id] => 28539
)

2025-12-10 16:15:23 - Request received: Array
(
    [ts] => 1765372523133
    [sirket_id] => 28539
)

2025-12-10 16:15:23 - Request received: Array
(
    [ts] => 1765372523136
    [sirket_id] => 28539
)

2025-12-10 16:16:07 - Request received: Array
(
    [ts] => 1765372567489
    [sirket_id] => 28540
)

2025-12-10 16:16:23 - Request received: Array
(
    [ts] => 1765372583366
    [sirket_id] => 38479
)

2025-12-10 16:17:18 - Request received: Array
(
    [ts] => 1765372638117
    [sirket_id] => 104783
)

2025-12-10 16:17:38 - Request received: Array
(
    [ts] => 1765372658165
    [sirket_id] => 26847
)

2025-12-11 12:40:38 - Request received: Array
(
    [ts] => 1765446038424
    [sirket_id] => 26847
)

2025-12-11 12:42:09 - Request received: Array
(
    [ts] => 1765446128980
    [sirket_id] => 26847
)

2025-12-11 16:04:29 - Request received: Array
(
    [ts] => 1765458269019
    [sirket_id] => 26847
)

2025-12-11 16:09:42 - Request received: Array
(
    [ts] => 1765458582240
    [sirket_id] => 26847
)

2025-12-11 16:10:27 - Request received: Array
(
    [ts] => 1765458626861
    [sirket_id] => 38479
)

2025-12-12 12:44:39 - Request received: Array
(
    [ts] => 1765532679206
    [sirket_id] => 26847
)

2025-12-12 12:44:50 - Request received: Array
(
    [ts] => 1765532690649
    [sirket_id] => 26847
)

2025-12-12 12:48:02 - Request received: Array
(
    [ts] => 1765532882775
    [sirket_id] => 26847
)

2025-12-12 12:48:21 - Request received: Array
(
    [ts] => 1765532900914
    [sirket_id] => 104704
)

2025-12-12 12:48:30 - Request received: Array
(
    [ts] => 1765532910845
    [sirket_id] => 104509
)

2025-12-12 12:52:19 - Request received: Array
(
    [ts] => 1765533139581
    [sirket_id] => 26847
)

2025-12-12 12:55:44 - Request received: Array
(
    [ts] => 1765533344801
    [sirket_id] => 26847
)

2025-12-12 12:56:15 - Request received: Array
(
    [ts] => 1765533375427
    [sirket_id] => 101322
)

2025-12-12 12:56:20 - Request received: Array
(
    [ts] => 1765533380534
    [sirket_id] => 26786
)

2025-12-12 12:56:27 - Request received: Array
(
    [ts] => 1765533387217
    [sirket_id] => 31213
)

2025-12-12 12:56:39 - Request received: Array
(
    [ts] => 1765533399787
    [sirket_id] => 28035
)

2025-12-12 12:56:52 - Request received: Array
(
    [ts] => 1765533412020
    [sirket_id] => 28105
)

2025-12-12 12:57:29 - Request received: Array
(
    [ts] => 1765533448876
    [sirket_id] => 32829
)

2025-12-12 12:58:09 - Request received: Array
(
    [ts] => 1765533489310
    [sirket_id] => 39463
)

2025-12-12 12:59:54 - Request received: Array
(
    [ts] => 1765533594372
    [sirket_id] => 26894
)

2025-12-12 13:20:18 - Request received: Array
(
    [ts] => 1765534817386
    [sirket_id] => 26847
)

2025-12-12 16:47:20 - Request received: Array
(
    [ts] => 1765547240666
    [sirket_id] => 26847
)

2025-12-12 17:18:52 - Request received: Array
(
    [ts] => 1765549131845
    [sirket_id] => 26847
)

2025-12-12 17:22:45 - Request received: Array
(
    [ts] => 1765549364602
    [sirket_id] => 26847
)

2025-12-12 17:36:47 - Request received: Array
(
    [ts] => 1765550207371
    [sirket_id] => 26847
)

2025-12-12 17:45:50 - Request received: Array
(
    [ts] => 1765550750097
    [sirket_id] => 26847
)

2025-12-14 11:58:26 - Request received: Array
(
    [ts] => 1765702379882
    [sirket_id] => 26847
)

2025-12-15 10:50:31 - Request received: Array
(
    [ts] => 1765785031101
    [sirket_id] => 26847
)

2025-12-15 11:06:18 - Request received: Array
(
    [ts] => 1765785978294
    [sirket_id] => 26847
)

2025-12-15 11:23:02 - Request received: Array
(
    [ts] => 1765786982253
    [sirket_id] => 26847
)

2025-12-15 11:29:58 - Request received: Array
(
    [ts] => 1765787398801
    [sirket_id] => 26847
)

2025-12-15 11:33:04 - Request received: Array
(
    [ts] => 1765787583883
    [sirket_id] => 26847
)

2025-12-15 11:52:04 - Request received: Array
(
    [ts] => 1765788724214
    [sirket_id] => 26847
)

2025-12-15 13:01:18 - Request received: Array
(
    [ts] => 1765792878149
    [sirket_id] => 26847
)

2025-12-15 13:02:05 - Request received: Array
(
    [ts] => 1765792925240
    [sirket_id] => 26847
)

2025-12-15 13:07:30 - Request received: Array
(
    [ts] => 1765793250498
    [sirket_id] => 26847
)

2025-12-15 13:09:57 - Request received: Array
(
    [ts] => 1765793397065
    [sirket_id] => 26847
)

2025-12-15 13:12:49 - Request received: Array
(
    [ts] => 1765793569666
    [sirket_id] => 26847
)

2025-12-15 13:16:42 - Request received: Array
(
    [ts] => 1765793802643
    [sirket_id] => 26847
)

2025-12-15 13:18:43 - Request received: Array
(
    [ts] => 1765793923157
    [sirket_id] => 26847
)

2025-12-15 13:20:45 - Request received: Array
(
    [ts] => 1765794045723
    [sirket_id] => 26847
)

2025-12-15 13:23:06 - Request received: Array
(
    [ts] => 1765794185903
    [sirket_id] => 26847
)

2025-12-15 13:26:29 - Request received: Array
(
    [ts] => 1765794388889
    [sirket_id] => 26847
)

2025-12-15 13:40:35 - Request received: Array
(
    [ts] => 1765795235129
    [sirket_id] => 26847
)

2025-12-15 13:43:47 - Request received: Array
(
    [ts] => 1765795427616
    [sirket_id] => 26847
)

2025-12-15 13:46:19 - Request received: Array
(
    [ts] => 1765795579425
    [sirket_id] => 26847
)

2025-12-15 13:50:42 - Request received: Array
(
    [ts] => 1765795842358
    [sirket_id] => 26847
)

2025-12-15 13:53:41 - Request received: Array
(
    [ts] => 1765796021218
    [sirket_id] => 26847
)

2025-12-15 13:55:58 - Request received: Array
(
    [ts] => 1765796158408
    [sirket_id] => 26847
)

2025-12-15 13:56:03 - Request received: Array
(
    [ts] => 1765796163297
    [sirket_id] => 28294
)

2025-12-15 14:00:19 - Request received: Array
(
    [ts] => 1765796419731
    [sirket_id] => 28294
)

2025-12-15 14:02:22 - Request received: Array
(
    [ts] => 1765796542830
    [sirket_id] => 28294
)

2025-12-15 14:07:45 - Request received: Array
(
    [ts] => 1765796864893
    [sirket_id] => 28294
)

2025-12-15 14:13:25 - Request received: Array
(
    [ts] => 1765797205033
    [sirket_id] => 28294
)

2025-12-15 14:16:19 - Request received: Array
(
    [ts] => 1765797379509
    [sirket_id] => 28294
)

2025-12-15 14:18:46 - Request received: Array
(
    [ts] => 1765797526295
    [sirket_id] => 28294
)

2025-12-15 14:19:59 - Request received: Array
(
    [ts] => 1765797599608
    [sirket_id] => 28294
)

2025-12-15 14:21:30 - Request received: Array
(
    [ts] => 1765797690027
    [sirket_id] => 28294
)

2025-12-15 14:24:39 - Request received: Array
(
    [ts] => 1765797879346
    [sirket_id] => 28294
)

2025-12-15 14:28:26 - Request received: Array
(
    [ts] => 1765798106299
    [sirket_id] => 28294
)

2025-12-15 14:35:20 - Request received: Array
(
    [ts] => 1765798520472
    [sirket_id] => 28294
)

2025-12-15 14:51:55 - Request received: Array
(
    [ts] => 1765799514964
    [sirket_id] => 28294
)

2025-12-15 14:54:07 - Request received: Array
(
    [ts] => 1765799647545
    [sirket_id] => 28294
)

2025-12-15 15:00:26 - Request received: Array
(
    [ts] => 1765800026113
    [sirket_id] => 28294
)

2025-12-15 15:06:23 - Request received: Array
(
    [ts] => 1765800383202
    [sirket_id] => 28294
)

2025-12-15 15:08:50 - Request received: Array
(
    [ts] => 1765800530525
    [sirket_id] => 28294
)

2025-12-15 15:32:47 - Request received: Array
(
    [ts] => 1765801967543
    [sirket_id] => 28294
)

2025-12-15 15:35:23 - Request received: Array
(
    [ts] => 1765802123711
    [sirket_id] => 28294
)

2025-12-15 15:38:52 - Request received: Array
(
    [ts] => 1765802332791
    [sirket_id] => 28294
)

2025-12-15 15:40:35 - Request received: Array
(
    [ts] => 1765802435254
    [sirket_id] => 28294
)

2025-12-15 15:41:17 - Request received: Array
(
    [ts] => 1765802477420
    [sirket_id] => 28294
)

2025-12-15 15:44:44 - Request received: Array
(
    [ts] => 1765802684385
    [sirket_id] => 28294
)

2025-12-15 15:47:07 - Request received: Array
(
    [ts] => 1765802826923
    [sirket_id] => 28294
)

2025-12-15 15:48:57 - Request received: Array
(
    [ts] => 1765802936973
    [sirket_id] => 28294
)

2025-12-15 15:52:16 - Request received: Array
(
    [ts] => 1765803136114
    [sirket_id] => 28294
)

2025-12-15 15:54:59 - Request received: Array
(
    [ts] => 1765803298932
    [sirket_id] => 28294
)

2025-12-15 15:57:13 - Request received: Array
(
    [ts] => 1765803432980
    [sirket_id] => 28294
)

2025-12-15 16:00:43 - Request received: Array
(
    [ts] => 1765803642903
    [sirket_id] => 28294
)

2025-12-15 16:12:49 - Request received: Array
(
    [ts] => 1765804368928
    [sirket_id] => 28294
)

2025-12-15 16:13:37 - Request received: Array
(
    [ts] => 1765804417564
    [sirket_id] => 28294
)

2025-12-15 16:17:18 - Request received: Array
(
    [ts] => 1765804638352
    [sirket_id] => 28294
)

2025-12-15 16:20:59 - Request received: Array
(
    [ts] => 1765804859025
    [sirket_id] => 28294
)

2025-12-15 16:27:12 - Request received: Array
(
    [ts] => 1765805232410
    [sirket_id] => 28294
)

2025-12-15 16:29:19 - Request received: Array
(
    [ts] => 1765805359676
    [sirket_id] => 28294
)

2025-12-15 16:30:06 - Request received: Array
(
    [ts] => 1765805405964
    [sirket_id] => 28294
)

2025-12-15 16:33:04 - Request received: Array
(
    [ts] => 1765805584543
    [sirket_id] => 28294
)

2025-12-15 17:05:10 - Request received: Array
(
    [ts] => 1765807510656
    [sirket_id] => 28294
)

2025-12-15 17:06:36 - Request received: Array
(
    [ts] => 1765807596430
    [sirket_id] => 28294
)

2025-12-15 17:06:42 - Request received: Array
(
    [ts] => 1765807602472
    [sirket_id] => 28294
)

2025-12-15 17:12:24 - Request received: Array
(
    [ts] => 1765807944397
    [sirket_id] => 28294
)

2025-12-15 17:12:28 - Request received: Array
(
    [ts] => 1765807947878
    [sirket_id] => 28294
)

2025-12-15 17:12:30 - Request received: Array
(
    [ts] => 1765807950000
    [sirket_id] => 28294
)

2025-12-15 17:12:33 - Request received: Array
(
    [ts] => 1765807953038
    [sirket_id] => 28294
)

2025-12-15 17:12:36 - Request received: Array
(
    [ts] => 1765807956515
    [sirket_id] => 28294
)

2025-12-15 17:12:44 - Request received: Array
(
    [ts] => 1765807963994
    [sirket_id] => 28294
)

2025-12-15 17:12:45 - Request received: Array
(
    [ts] => 1765807965550
    [sirket_id] => 28294
)

2025-12-15 17:12:48 - Request received: Array
(
    [ts] => 1765807968071
    [sirket_id] => 28294
)

2025-12-15 17:12:50 - Request received: Array
(
    [ts] => 1765807969896
    [sirket_id] => 28294
)

2025-12-15 17:12:51 - Request received: Array
(
    [ts] => 1765807971406
    [sirket_id] => 28294
)

2025-12-15 17:12:53 - Request received: Array
(
    [ts] => 1765807972996
    [sirket_id] => 28294
)

2025-12-15 17:12:54 - Request received: Array
(
    [ts] => 1765807974586
    [sirket_id] => 28294
)

2025-12-15 17:12:56 - Request received: Array
(
    [ts] => 1765807976676
    [sirket_id] => 28294
)

2025-12-15 17:13:08 - Request received: Array
(
    [ts] => 1765807988005
    [sirket_id] => 28294
)

2025-12-15 17:13:10 - Request received: Array
(
    [ts] => 1765807990560
    [sirket_id] => 28294
)

2025-12-15 17:13:58 - Request received: Array
(
    [ts] => 1765808038329
    [sirket_id] => 28294
)

2025-12-15 17:14:03 - Request received: Array
(
    [ts] => 1765808043321
    [sirket_id] => 28294
)

2025-12-15 17:23:36 - Request received: Array
(
    [ts] => 1765808616252
    [sirket_id] => 28294
)

2025-12-15 17:26:30 - Request received: Array
(
    [ts] => 1765808790134
    [sirket_id] => 28294
)

2025-12-15 17:26:44 - Request received: Array
(
    [ts] => 1765808804368
    [sirket_id] => 28294
)

2025-12-15 17:26:49 - Request received: Array
(
    [ts] => 1765808809033
    [sirket_id] => 28294
)

2025-12-15 17:27:27 - Request received: Array
(
    [ts] => 1765808847689
    [sirket_id] => 28294
)

2025-12-15 17:27:40 - Request received: Array
(
    [ts] => 1765808860398
    [sirket_id] => 28294
)

2025-12-15 17:29:37 - Request received: Array
(
    [ts] => 1765808976916
    [sirket_id] => 28294
)

2025-12-15 17:29:52 - Request received: Array
(
    [ts] => 1765808992173
    [sirket_id] => 28294
)

2025-12-15 17:29:56 - Request received: Array
(
    [ts] => 1765808996439
    [sirket_id] => 28294
)

2025-12-15 17:29:58 - Request received: Array
(
    [ts] => 1765808997852
    [sirket_id] => 28294
)

2025-12-15 17:29:59 - Request received: Array
(
    [ts] => 1765808999442
    [sirket_id] => 28294
)

2025-12-15 17:30:00 - Request received: Array
(
    [ts] => 1765809000838
    [sirket_id] => 28294
)

2025-12-15 17:30:02 - Request received: Array
(
    [ts] => 1765809002437
    [sirket_id] => 28294
)

2025-12-15 17:30:04 - Request received: Array
(
    [ts] => 1765809004136
    [sirket_id] => 28294
)

2025-12-15 17:30:08 - Request received: Array
(
    [ts] => 1765809008292
    [sirket_id] => 28294
)

2025-12-15 17:30:10 - Request received: Array
(
    [ts] => 1765809010635
    [sirket_id] => 28294
)

2025-12-15 17:30:12 - Request received: Array
(
    [ts] => 1765809012418
    [sirket_id] => 28294
)

2025-12-15 17:30:21 - Request received: Array
(
    [ts] => 1765809021744
    [sirket_id] => 28294
)

2025-12-15 17:30:23 - Request received: Array
(
    [ts] => 1765809023634
    [sirket_id] => 28294
)

2025-12-15 17:30:26 - Request received: Array
(
    [ts] => 1765809025927
    [sirket_id] => 28294
)

2025-12-15 17:30:30 - Request received: Array
(
    [ts] => 1765809030670
    [sirket_id] => 28294
)

2025-12-15 17:30:33 - Request received: Array
(
    [ts] => 1765809032847
    [sirket_id] => 28294
)

2025-12-15 17:30:41 - Request received: Array
(
    [ts] => 1765809041230
    [sirket_id] => 28294
)

2025-12-15 17:30:43 - Request received: Array
(
    [ts] => 1765809042820
    [sirket_id] => 28294
)

2025-12-15 17:30:44 - Request received: Array
(
    [ts] => 1765809044400
    [sirket_id] => 28294
)

2025-12-15 17:30:50 - Request received: Array
(
    [ts] => 1765809049933
    [sirket_id] => 28294
)

2025-12-15 17:30:51 - Request received: Array
(
    [ts] => 1765809051719
    [sirket_id] => 28294
)

2025-12-15 17:31:09 - Request received: Array
(
    [ts] => 1765809068908
    [sirket_id] => 28294
)

2025-12-15 17:31:11 - Request received: Array
(
    [ts] => 1765809071246
    [sirket_id] => 28294
)

2025-12-15 17:31:21 - Request received: Array
(
    [ts] => 1765809081470
    [sirket_id] => 28294
)

2025-12-15 17:31:44 - Request received: Array
(
    [ts] => 1765809104545
    [sirket_id] => 28294
)

2025-12-15 17:31:46 - Request received: Array
(
    [ts] => 1765809105850
    [sirket_id] => 28294
)

2025-12-15 17:31:52 - Request received: Array
(
    [ts] => 1765809112325
    [sirket_id] => 28294
)

2025-12-15 17:32:12 - Request received: Array
(
    [ts] => 1765809132262
    [sirket_id] => 28294
)

2025-12-15 17:32:15 - Request received: Array
(
    [ts] => 1765809135798
    [sirket_id] => 28294
)

2025-12-15 17:32:25 - Request received: Array
(
    [ts] => 1765809145497
    [sirket_id] => 28294
)

2025-12-15 17:32:26 - Request received: Array
(
    [ts] => 1765809146807
    [sirket_id] => 28294
)

2025-12-15 17:32:28 - Request received: Array
(
    [ts] => 1765809148560
    [sirket_id] => 28294
)

2025-12-15 17:32:30 - Request received: Array
(
    [ts] => 1765809150521
    [sirket_id] => 28294
)

2025-12-15 17:32:32 - Request received: Array
(
    [ts] => 1765809151981
    [sirket_id] => 28294
)

2025-12-15 17:32:33 - Request received: Array
(
    [ts] => 1765809153304
    [sirket_id] => 28294
)

2025-12-15 17:32:34 - Request received: Array
(
    [ts] => 1765809154526
    [sirket_id] => 28294
)

2025-12-15 17:32:36 - Request received: Array
(
    [ts] => 1765809155992
    [sirket_id] => 28294
)

2025-12-15 17:32:40 - Request received: Array
(
    [ts] => 1765809160079
    [sirket_id] => 28294
)

2025-12-15 17:32:46 - Request received: Array
(
    [ts] => 1765809165881
    [sirket_id] => 28294
)

2025-12-15 17:32:51 - Request received: Array
(
    [ts] => 1765809170770
    [sirket_id] => 28294
)

2025-12-15 17:33:28 - Request received: Array
(
    [ts] => 1765809208097
    [sirket_id] => 28294
)

2025-12-15 17:34:10 - Request received: Array
(
    [ts] => 1765809250737
    [sirket_id] => 28294
)

2025-12-15 17:34:13 - Request received: Array
(
    [ts] => 1765809252681
    [sirket_id] => 28294
)

2025-12-15 17:34:15 - Request received: Array
(
    [ts] => 1765809255296
    [sirket_id] => 28294
)

2025-12-15 17:34:20 - Request received: Array
(
    [ts] => 1765809260850
    [sirket_id] => 28294
)

2025-12-15 17:34:26 - Request received: Array
(
    [ts] => 1765809265985
    [sirket_id] => 28294
)

2025-12-15 17:34:30 - Request received: Array
(
    [ts] => 1765809270162
    [sirket_id] => 28294
)

2025-12-15 17:35:02 - Request received: Array
(
    [ts] => 1765809302622
    [sirket_id] => 28294
)

2025-12-15 17:36:08 - Request received: Array
(
    [ts] => 1765809368295
    [sirket_id] => 28294
)

2025-12-15 17:36:30 - Request received: Array
(
    [ts] => 1765809390209
    [sirket_id] => 28294
)

2025-12-15 17:36:43 - Request received: Array
(
    [ts] => 1765809403809
    [sirket_id] => 28294
)

2025-12-15 17:36:46 - Request received: Array
(
    [ts] => 1765809406464
    [sirket_id] => 28294
)

2025-12-15 17:36:47 - Request received: Array
(
    [ts] => 1765809407745
    [sirket_id] => 28294
)

2025-12-15 17:36:49 - Request received: Array
(
    [ts] => 1765809409258
    [sirket_id] => 28294
)

2025-12-15 17:36:50 - Request received: Array
(
    [ts] => 1765809410684
    [sirket_id] => 28294
)

2025-12-15 17:36:53 - Request received: Array
(
    [ts] => 1765809413284
    [sirket_id] => 28294
)

2025-12-15 17:36:55 - Request received: Array
(
    [ts] => 1765809415454
    [sirket_id] => 28294
)

2025-12-15 17:36:58 - Request received: Array
(
    [ts] => 1765809418164
    [sirket_id] => 28294
)

2025-12-15 17:37:02 - Request received: Array
(
    [ts] => 1765809422087
    [sirket_id] => 28294
)

2025-12-15 17:37:05 - Request received: Array
(
    [ts] => 1765809424866
    [sirket_id] => 28294
)

2025-12-15 17:37:06 - Request received: Array
(
    [ts] => 1765809426162
    [sirket_id] => 28294
)

2025-12-15 17:37:09 - Request received: Array
(
    [ts] => 1765809429542
    [sirket_id] => 28294
)

2025-12-15 17:37:13 - Request received: Array
(
    [ts] => 1765809433069
    [sirket_id] => 28294
)

2025-12-15 17:37:15 - Request received: Array
(
    [ts] => 1765809434948
    [sirket_id] => 28294
)

2025-12-15 17:37:16 - Request received: Array
(
    [ts] => 1765809436466
    [sirket_id] => 28294
)

2025-12-15 17:37:17 - Request received: Array
(
    [ts] => 1765809437798
    [sirket_id] => 28294
)

2025-12-15 17:37:19 - Request received: Array
(
    [ts] => 1765809439361
    [sirket_id] => 28294
)

2025-12-15 17:37:20 - Request received: Array
(
    [ts] => 1765809440494
    [sirket_id] => 28294
)

2025-12-15 17:37:21 - Request received: Array
(
    [ts] => 1765809441760
    [sirket_id] => 28294
)

2025-12-15 17:37:23 - Request received: Array
(
    [ts] => 1765809443038
    [sirket_id] => 28294
)

2025-12-15 17:37:27 - Request received: Array
(
    [ts] => 1765809447094
    [sirket_id] => 28294
)

2025-12-15 17:37:30 - Request received: Array
(
    [ts] => 1765809450416
    [sirket_id] => 28294
)

2025-12-15 17:37:35 - Request received: Array
(
    [ts] => 1765809455239
    [sirket_id] => 28294
)

2025-12-15 17:37:38 - Request received: Array
(
    [ts] => 1765809458771
    [sirket_id] => 28294
)

2025-12-15 17:37:40 - Request received: Array
(
    [ts] => 1765809460591
    [sirket_id] => 28294
)

2025-12-15 17:37:42 - Request received: Array
(
    [ts] => 1765809461956
    [sirket_id] => 28294
)

2025-12-15 17:37:44 - Request received: Array
(
    [ts] => 1765809464614
    [sirket_id] => 28294
)

2025-12-15 17:37:46 - Request received: Array
(
    [ts] => 1765809466509
    [sirket_id] => 28294
)

2025-12-15 17:37:48 - Request received: Array
(
    [ts] => 1765809468331
    [sirket_id] => 28294
)

2025-12-15 17:37:50 - Request received: Array
(
    [ts] => 1765809470655
    [sirket_id] => 28294
)

2025-12-15 17:37:52 - Request received: Array
(
    [ts] => 1765809472404
    [sirket_id] => 28294
)

2025-12-15 17:37:55 - Request received: Array
(
    [ts] => 1765809475636
    [sirket_id] => 28294
)

2025-12-15 17:37:57 - Request received: Array
(
    [ts] => 1765809477271
    [sirket_id] => 28294
)

2025-12-15 17:38:00 - Request received: Array
(
    [ts] => 1765809480468
    [sirket_id] => 28294
)

2025-12-15 17:38:02 - Request received: Array
(
    [ts] => 1765809482518
    [sirket_id] => 28294
)

2025-12-15 17:38:04 - Request received: Array
(
    [ts] => 1765809484183
    [sirket_id] => 28294
)

2025-12-15 17:38:07 - Request received: Array
(
    [ts] => 1765809487140
    [sirket_id] => 28294
)

2025-12-15 17:38:13 - Request received: Array
(
    [ts] => 1765809493578
    [sirket_id] => 28294
)

2025-12-15 17:38:38 - Request received: Array
(
    [ts] => 1765809518167
    [sirket_id] => 28294
)

2025-12-15 17:38:40 - Request received: Array
(
    [ts] => 1765809520208
    [sirket_id] => 28294
)

2025-12-15 17:38:43 - Request received: Array
(
    [ts] => 1765809523106
    [sirket_id] => 28294
)

2025-12-15 17:38:44 - Request received: Array
(
    [ts] => 1765809524473
    [sirket_id] => 28294
)

2025-12-15 17:38:45 - Request received: Array
(
    [ts] => 1765809525758
    [sirket_id] => 28294
)

2025-12-15 17:38:49 - Request received: Array
(
    [ts] => 1765809529129
    [sirket_id] => 28294
)

2025-12-15 17:38:51 - Request received: Array
(
    [ts] => 1765809530980
    [sirket_id] => 28294
)

2025-12-15 17:38:53 - Request received: Array
(
    [ts] => 1765809533000
    [sirket_id] => 28294
)

2025-12-15 17:38:54 - Request received: Array
(
    [ts] => 1765809534630
    [sirket_id] => 28294
)

2025-12-15 17:38:57 - Request received: Array
(
    [ts] => 1765809536908
    [sirket_id] => 28294
)

2025-12-15 17:39:26 - Request received: Array
(
    [ts] => 1765809566175
    [sirket_id] => 28294
)

2025-12-15 17:39:30 - Request received: Array
(
    [ts] => 1765809570630
    [sirket_id] => 28294
)

2025-12-15 17:39:35 - Request received: Array
(
    [ts] => 1765809575124
    [sirket_id] => 28294
)

2025-12-15 17:39:37 - Request received: Array
(
    [ts] => 1765809577118
    [sirket_id] => 28294
)

2025-12-15 17:39:39 - Request received: Array
(
    [ts] => 1765809579072
    [sirket_id] => 28294
)

2025-12-15 17:39:41 - Request received: Array
(
    [ts] => 1765809581528
    [sirket_id] => 28294
)

2025-12-15 17:39:43 - Request received: Array
(
    [ts] => 1765809582885
    [sirket_id] => 28294
)

2025-12-15 17:39:45 - Request received: Array
(
    [ts] => 1765809584903
    [sirket_id] => 28294
)

2025-12-15 17:39:46 - Request received: Array
(
    [ts] => 1765809586371
    [sirket_id] => 28294
)

2025-12-15 17:39:47 - Request received: Array
(
    [ts] => 1765809587609
    [sirket_id] => 28294
)

2025-12-15 17:39:50 - Request received: Array
(
    [ts] => 1765809590057
    [sirket_id] => 28294
)

2025-12-15 17:39:51 - Request received: Array
(
    [ts] => 1765809591556
    [sirket_id] => 28294
)

2025-12-15 17:39:53 - Request received: Array
(
    [ts] => 1765809593436
    [sirket_id] => 28294
)

2025-12-15 17:39:55 - Request received: Array
(
    [ts] => 1765809594981
    [sirket_id] => 28294
)

2025-12-15 17:39:57 - Request received: Array
(
    [ts] => 1765809597321
    [sirket_id] => 28294
)

2025-12-15 17:40:01 - Request received: Array
(
    [ts] => 1765809601009
    [sirket_id] => 28294
)

2025-12-15 17:40:03 - Request received: Array
(
    [ts] => 1765809602875
    [sirket_id] => 28294
)

2025-12-15 17:40:05 - Request received: Array
(
    [ts] => 1765809604971
    [sirket_id] => 28294
)

2025-12-15 17:40:06 - Request received: Array
(
    [ts] => 1765809606746
    [sirket_id] => 28294
)

2025-12-15 17:40:10 - Request received: Array
(
    [ts] => 1765809610412
    [sirket_id] => 28294
)

2025-12-15 17:40:13 - Request received: Array
(
    [ts] => 1765809613014
    [sirket_id] => 28294
)

2025-12-15 17:40:17 - Request received: Array
(
    [ts] => 1765809617701
    [sirket_id] => 28294
)

2025-12-15 17:40:22 - Request received: Array
(
    [ts] => 1765809621913
    [sirket_id] => 28294
)

2025-12-15 17:40:25 - Request received: Array
(
    [ts] => 1765809625300
    [sirket_id] => 28294
)

2025-12-15 17:40:27 - Request received: Array
(
    [ts] => 1765809627239
    [sirket_id] => 28294
)

2025-12-15 17:40:28 - Request received: Array
(
    [ts] => 1765809628863
    [sirket_id] => 28294
)

2025-12-15 17:40:30 - Request received: Array
(
    [ts] => 1765809630024
    [sirket_id] => 28294
)

2025-12-15 17:40:31 - Request received: Array
(
    [ts] => 1765809631607
    [sirket_id] => 28294
)

2025-12-15 17:40:33 - Request received: Array
(
    [ts] => 1765809633489
    [sirket_id] => 28294
)

2025-12-15 17:40:35 - Request received: Array
(
    [ts] => 1765809635322
    [sirket_id] => 28294
)

2025-12-15 17:40:37 - Request received: Array
(
    [ts] => 1765809637903
    [sirket_id] => 28294
)

2025-12-15 17:40:44 - Request received: Array
(
    [ts] => 1765809643832
    [sirket_id] => 28294
)

2025-12-15 17:40:45 - Request received: Array
(
    [ts] => 1765809645865
    [sirket_id] => 28294
)

2025-12-15 17:40:47 - Request received: Array
(
    [ts] => 1765809647641
    [sirket_id] => 28294
)

2025-12-15 17:40:49 - Request received: Array
(
    [ts] => 1765809648979
    [sirket_id] => 28294
)

2025-12-15 17:40:50 - Request received: Array
(
    [ts] => 1765809650763
    [sirket_id] => 28294
)

2025-12-15 17:40:52 - Request received: Array
(
    [ts] => 1765809652225
    [sirket_id] => 28294
)

2025-12-15 17:40:53 - Request received: Array
(
    [ts] => 1765809653846
    [sirket_id] => 28294
)

2025-12-15 17:40:55 - Request received: Array
(
    [ts] => 1765809655645
    [sirket_id] => 28294
)

2025-12-15 17:40:57 - Request received: Array
(
    [ts] => 1765809657197
    [sirket_id] => 28294
)

2025-12-15 17:40:58 - Request received: Array
(
    [ts] => 1765809658874
    [sirket_id] => 28294
)

2025-12-15 17:41:00 - Request received: Array
(
    [ts] => 1765809660490
    [sirket_id] => 28294
)

2025-12-15 17:41:04 - Request received: Array
(
    [ts] => 1765809664100
    [sirket_id] => 28294
)

2025-12-15 17:41:06 - Request received: Array
(
    [ts] => 1765809665960
    [sirket_id] => 28294
)

2025-12-15 17:41:07 - Request received: Array
(
    [ts] => 1765809667502
    [sirket_id] => 28294
)

2025-12-15 17:41:09 - Request received: Array
(
    [ts] => 1765809669203
    [sirket_id] => 28294
)

2025-12-15 17:41:11 - Request received: Array
(
    [ts] => 1765809670860
    [sirket_id] => 28294
)

2025-12-15 17:41:12 - Request received: Array
(
    [ts] => 1765809672610
    [sirket_id] => 28294
)

2025-12-15 17:41:14 - Request received: Array
(
    [ts] => 1765809673952
    [sirket_id] => 28294
)

2025-12-15 17:41:15 - Request received: Array
(
    [ts] => 1765809675477
    [sirket_id] => 28294
)

2025-12-15 17:41:17 - Request received: Array
(
    [ts] => 1765809676901
    [sirket_id] => 28294
)

2025-12-15 17:41:18 - Request received: Array
(
    [ts] => 1765809677991
    [sirket_id] => 28294
)

2025-12-15 17:41:19 - Request received: Array
(
    [ts] => 1765809679875
    [sirket_id] => 28294
)

2025-12-15 17:41:21 - Request received: Array
(
    [ts] => 1765809681729
    [sirket_id] => 28294
)

2025-12-15 17:41:23 - Request received: Array
(
    [ts] => 1765809683137
    [sirket_id] => 28294
)

2025-12-15 17:41:24 - Request received: Array
(
    [ts] => 1765809684682
    [sirket_id] => 28294
)

2025-12-15 17:41:26 - Request received: Array
(
    [ts] => 1765809686411
    [sirket_id] => 28294
)

2025-12-15 17:41:28 - Request received: Array
(
    [ts] => 1765809688581
    [sirket_id] => 28294
)

2025-12-15 17:41:30 - Request received: Array
(
    [ts] => 1765809689994
    [sirket_id] => 28294
)

2025-12-15 17:41:31 - Request received: Array
(
    [ts] => 1765809691564
    [sirket_id] => 28294
)

2025-12-15 17:41:32 - Request received: Array
(
    [ts] => 1765809692877
    [sirket_id] => 28294
)

2025-12-15 17:41:36 - Request received: Array
(
    [ts] => 1765809696473
    [sirket_id] => 28294
)

2025-12-15 17:41:38 - Request received: Array
(
    [ts] => 1765809698404
    [sirket_id] => 28294
)

2025-12-15 17:41:41 - Request received: Array
(
    [ts] => 1765809701046
    [sirket_id] => 28294
)

2025-12-15 17:41:42 - Request received: Array
(
    [ts] => 1765809702811
    [sirket_id] => 28294
)

2025-12-15 17:41:44 - Request received: Array
(
    [ts] => 1765809704659
    [sirket_id] => 28294
)

2025-12-15 17:41:46 - Request received: Array
(
    [ts] => 1765809706603
    [sirket_id] => 28294
)

2025-12-15 17:41:49 - Request received: Array
(
    [ts] => 1765809708937
    [sirket_id] => 28294
)

2025-12-15 17:41:51 - Request received: Array
(
    [ts] => 1765809710977
    [sirket_id] => 28294
)

2025-12-15 17:42:00 - Request received: Array
(
    [ts] => 1765809720223
    [sirket_id] => 28294
)

2025-12-15 17:42:01 - Request received: Array
(
    [ts] => 1765809721765
    [sirket_id] => 28294
)

2025-12-15 17:42:06 - Request received: Array
(
    [ts] => 1765809725896
    [sirket_id] => 28294
)

2025-12-15 17:42:07 - Request received: Array
(
    [ts] => 1765809727892
    [sirket_id] => 28294
)

2025-12-15 17:42:09 - Request received: Array
(
    [ts] => 1765809729745
    [sirket_id] => 28294
)

2025-12-15 17:42:11 - Request received: Array
(
    [ts] => 1765809731403
    [sirket_id] => 28294
)

2025-12-15 17:42:17 - Request received: Array
(
    [ts] => 1765809737489
    [sirket_id] => 28294
)

2025-12-15 17:42:19 - Request received: Array
(
    [ts] => 1765809739378
    [sirket_id] => 28294
)

2025-12-15 17:42:21 - Request received: Array
(
    [ts] => 1765809741405
    [sirket_id] => 28294
)

2025-12-15 17:42:23 - Request received: Array
(
    [ts] => 1765809743223
    [sirket_id] => 28294
)

2025-12-15 17:42:24 - Request received: Array
(
    [ts] => 1765809744672
    [sirket_id] => 28294
)

2025-12-15 17:42:25 - Request received: Array
(
    [ts] => 1765809745830
    [sirket_id] => 28294
)

2025-12-15 17:42:27 - Request received: Array
(
    [ts] => 1765809747129
    [sirket_id] => 28294
)

2025-12-15 17:42:28 - Request received: Array
(
    [ts] => 1765809748786
    [sirket_id] => 28294
)

2025-12-15 17:42:30 - Request received: Array
(
    [ts] => 1765809750351
    [sirket_id] => 28294
)

2025-12-15 17:42:31 - Request received: Array
(
    [ts] => 1765809751754
    [sirket_id] => 28294
)

2025-12-15 17:42:34 - Request received: Array
(
    [ts] => 1765809754160
    [sirket_id] => 28294
)

2025-12-15 17:42:35 - Request received: Array
(
    [ts] => 1765809755657
    [sirket_id] => 28294
)

2025-12-15 17:42:36 - Request received: Array
(
    [ts] => 1765809756888
    [sirket_id] => 28294
)

2025-12-15 17:42:38 - Request received: Array
(
    [ts] => 1765809758426
    [sirket_id] => 28294
)

2025-12-15 17:42:39 - Request received: Array
(
    [ts] => 1765809759706
    [sirket_id] => 28294
)

2025-12-15 17:42:43 - Request received: Array
(
    [ts] => 1765809763168
    [sirket_id] => 28294
)

2025-12-15 17:44:41 - Request received: Array
(
    [ts] => 1765809881020
    [sirket_id] => 28294
)

2025-12-15 17:44:43 - Request received: Array
(
    [ts] => 1765809883302
    [sirket_id] => 28294
)

2025-12-15 17:44:45 - Request received: Array
(
    [ts] => 1765809885399
    [sirket_id] => 28294
)

2025-12-15 17:44:46 - Request received: Array
(
    [ts] => 1765809886691
    [sirket_id] => 28294
)

2025-12-15 17:44:48 - Request received: Array
(
    [ts] => 1765809888049
    [sirket_id] => 28294
)

2025-12-15 17:44:52 - Request received: Array
(
    [ts] => 1765809892566
    [sirket_id] => 28294
)

2025-12-15 17:45:26 - Request received: Array
(
    [ts] => 1765809926830
    [sirket_id] => 28294
)

2025-12-15 17:45:30 - Request received: Array
(
    [ts] => 1765809930860
    [sirket_id] => 28294
)

2025-12-15 17:46:05 - Request received: Array
(
    [ts] => 1765809964938
    [sirket_id] => 28294
)

2025-12-15 17:46:07 - Request received: Array
(
    [ts] => 1765809967399
    [sirket_id] => 28294
)

2025-12-15 17:46:09 - Request received: Array
(
    [ts] => 1765809969326
    [sirket_id] => 28294
)

2025-12-15 17:46:11 - Request received: Array
(
    [ts] => 1765809971095
    [sirket_id] => 28294
)

2025-12-15 17:46:17 - Request received: Array
(
    [ts] => 1765809977696
    [sirket_id] => 28294
)

2025-12-15 17:46:22 - Request received: Array
(
    [ts] => 1765809982316
    [sirket_id] => 28294
)

2025-12-15 17:46:27 - Request received: Array
(
    [ts] => 1765809986886
    [sirket_id] => 28294
)

2025-12-15 17:47:12 - Request received: Array
(
    [ts] => 1765810032579
    [sirket_id] => 28294
)

2025-12-15 17:47:16 - Request received: Array
(
    [ts] => 1765810036683
    [sirket_id] => 28294
)

2025-12-15 17:50:24 - Request received: Array
(
    [ts] => 1765810223869
    [sirket_id] => 28294
)

2025-12-16 11:10:22 - Request received: Array
(
    [ts] => 1765872622617
    [sirket_id] => 26847
)

2025-12-16 11:10:42 - Request received: Array
(
    [ts] => 1765872642817
    [sirket_id] => 26847
)

2025-12-16 11:12:44 - Request received: Array
(
    [ts] => 1765872763841
    [sirket_id] => 26847
)

2025-12-16 11:12:54 - Request received: Array
(
    [ts] => 1765872774626
    [sirket_id] => 26847
)

2025-12-16 11:13:33 - Request received: Array
(
    [ts] => 1765872812989
    [sirket_id] => 26847
)

2025-12-16 13:19:01 - Request received: Array
(
    [ts] => 1765880341421
    [sirket_id] => 26847
)

2025-12-16 13:35:37 - Request received: Array
(
    [ts] => 1765881337076
    [sirket_id] => 26847
)

2025-12-16 13:35:40 - Request received: Array
(
    [ts] => 1765881340684
    [sirket_id] => 26847
)

2025-12-16 13:38:43 - Request received: Array
(
    [ts] => 1765881523036
    [sirket_id] => 26847
)

2025-12-16 13:38:59 - Request received: Array
(
    [ts] => 1765881538943
    [sirket_id] => 26847
)

2025-12-16 13:39:44 - Request received: Array
(
    [ts] => 1765881584392
    [sirket_id] => 26847
)

2025-12-16 13:40:52 - Request received: Array
(
    [ts] => 1765881652189
    [sirket_id] => 26847
)

2025-12-16 13:49:39 - Request received: Array
(
    [ts] => 1765882178944
    [sirket_id] => 26847
)

2025-12-16 13:50:57 - Request received: Array
(
    [ts] => 1765882257672
    [sirket_id] => 26847
)

2025-12-16 13:51:50 - Request received: Array
(
    [ts] => 1765882309921
    [sirket_id] => 26847
)

2025-12-16 13:51:52 - Request received: Array
(
    [ts] => 1765882312796
    [sirket_id] => 26847
)

2025-12-16 13:53:12 - Request received: Array
(
    [ts] => 1765882391938
    [sirket_id] => 26847
)

2025-12-16 13:53:14 - Request received: Array
(
    [ts] => 1765882394220
    [sirket_id] => 26847
)

2025-12-16 13:54:42 - Request received: Array
(
    [ts] => 1765882482482
    [sirket_id] => 26847
)

2025-12-16 13:54:45 - Request received: Array
(
    [ts] => 1765882485237
    [sirket_id] => 26847
)

2025-12-16 13:54:48 - Request received: Array
(
    [ts] => 1765882488178
    [sirket_id] => 28539
)

2025-12-16 13:54:53 - Request received: Array
(
    [ts] => 1765882493097
    [sirket_id] => 26847
)

2025-12-16 13:57:22 - Request received: Array
(
    [ts] => 1765882641981
    [sirket_id] => 26847
)

2025-12-16 13:57:39 - Request received: Array
(
    [ts] => 1765882658982
    [sirket_id] => 26847
)

2025-12-16 13:57:43 - Request received: Array
(
    [ts] => 1765882662972
    [sirket_id] => 26847
)

2025-12-16 13:58:55 - Request received: Array
(
    [ts] => 1765882735474
    [sirket_id] => 26847
)

2025-12-16 13:59:00 - Request received: Array
(
    [ts] => 1765882739877
    [sirket_id] => 26847
)

2025-12-16 13:59:20 - Request received: Array
(
    [ts] => 1765882759684
    [sirket_id] => 28542
)

2025-12-16 14:00:27 - Request received: Array
(
    [ts] => 1765882827403
    [sirket_id] => 26847
)

2025-12-16 14:00:44 - Request received: Array
(
    [ts] => 1765882844285
    [sirket_id] => 26847
)

2025-12-16 14:00:53 - Request received: Array
(
    [ts] => 1765882853272
    [sirket_id] => 26847
)

2025-12-16 14:02:45 - Request received: Array
(
    [ts] => 1765882965506
    [sirket_id] => 26847
)

2025-12-16 14:05:59 - Request received: Array
(
    [ts] => 1765883159533
    [sirket_id] => 26847
)

2025-12-16 14:06:05 - Request received: Array
(
    [ts] => 1765883165469
    [sirket_id] => 26847
)

2025-12-16 14:06:12 - Request received: Array
(
    [ts] => 1765883172469
    [sirket_id] => 26847
)

2025-12-16 14:07:03 - Request received: Array
(
    [ts] => 1765883223658
    [sirket_id] => 26847
)

2025-12-16 14:07:07 - Request received: Array
(
    [ts] => 1765883227341
    [sirket_id] => 26847
)

2025-12-16 14:09:02 - Request received: Array
(
    [ts] => 1765883342001
    [sirket_id] => 26847
)

2025-12-16 14:09:05 - Request received: Array
(
    [ts] => 1765883344773
    [sirket_id] => 26847
)

2025-12-16 14:09:37 - Request received: Array
(
    [ts] => 1765883377382
    [sirket_id] => 26847
)

2025-12-16 14:09:48 - Request received: Array
(
    [ts] => 1765883388822
    [sirket_id] => 26847
)

2025-12-16 14:11:41 - Request received: Array
(
    [ts] => 1765883501748
    [sirket_id] => 26847
)

2025-12-16 14:11:44 - Request received: Array
(
    [ts] => 1765883504068
    [sirket_id] => 26847
)

2025-12-16 14:14:35 - Request received: Array
(
    [ts] => 1765883675322
    [sirket_id] => 26847
)

2025-12-16 15:27:44 - Request received: Array
(
    [ts] => 1765888063659
    [sirket_id] => 26847
)

2025-12-16 15:29:11 - Request received: Array
(
    [ts] => 1765888151001
    [sirket_id] => 26847
)

2025-12-16 15:29:23 - Request received: Array
(
    [ts] => 1765888162981
    [sirket_id] => 26847
)

2025-12-16 15:31:49 - Request received: Array
(
    [ts] => 1765888309409
    [sirket_id] => 26847
)

2025-12-16 15:31:53 - Request received: Array
(
    [ts] => 1765888313360
    [sirket_id] => 26847
)

2025-12-16 15:34:01 - Request received: Array
(
    [ts] => 1765888441514
    [sirket_id] => 26847
)

2025-12-16 15:34:10 - Request received: Array
(
    [ts] => 1765888450346
    [sirket_id] => 26847
)

2025-12-16 15:35:41 - Request received: Array
(
    [ts] => 1765888540845
    [sirket_id] => 26847
)

2025-12-16 15:37:02 - Request received: Array
(
    [ts] => 1765888622460
    [sirket_id] => 26847
)

2025-12-16 15:37:23 - Request received: Array
(
    [ts] => 1765888643256
    [sirket_id] => 26847
)

2025-12-16 15:37:25 - Request received: Array
(
    [ts] => 1765888645298
    [sirket_id] => 26847
)

2025-12-16 15:39:24 - Request received: Array
(
    [ts] => 1765888764055
    [sirket_id] => 26847
)

2025-12-16 15:39:27 - Request received: Array
(
    [ts] => 1765888767123
    [sirket_id] => 26847
)

2025-12-16 15:39:37 - Request received: Array
(
    [ts] => 1765888777029
    [sirket_id] => 28541
)

2025-12-16 15:39:41 - Request received: Array
(
    [ts] => 1765888781275
    [sirket_id] => 26847
)

2025-12-16 15:41:02 - Request received: Array
(
    [ts] => 1765888862339
    [sirket_id] => 26847
)

2025-12-16 15:41:06 - Request received: Array
(
    [ts] => 1765888865901
    [sirket_id] => 26847
)

2025-12-16 15:41:09 - Request received: Array
(
    [ts] => 1765888868877
    [sirket_id] => 26847
)

2025-12-16 15:41:51 - Request received: Array
(
    [ts] => 1765888911499
    [sirket_id] => 26847
)

2025-12-16 15:44:20 - Request received: Array
(
    [ts] => 1765889060846
    [sirket_id] => 26847
)

2025-12-16 15:45:03 - Request received: Array
(
    [ts] => 1765889103028
    [sirket_id] => 26847
)

2025-12-16 15:45:06 - Request received: Array
(
    [ts] => 1765889106277
    [sirket_id] => 26847
)

2025-12-16 15:47:54 - Request received: Array
(
    [ts] => 1765889274161
    [sirket_id] => 26847
)

2025-12-16 15:50:47 - Request received: Array
(
    [ts] => 1765889447196
    [sirket_id] => 26847
)

2025-12-16 15:50:49 - Request received: Array
(
    [ts] => 1765889449377
    [sirket_id] => 26847
)

2025-12-16 15:56:09 - Request received: Array
(
    [ts] => 1765889768945
    [sirket_id] => 26847
)

2025-12-16 16:01:50 - Request received: Array
(
    [ts] => 1765890110249
    [sirket_id] => 26847
)

2025-12-16 16:01:53 - Request received: Array
(
    [ts] => 1765890113129
    [sirket_id] => 26847
)

2025-12-16 16:04:51 - Request received: Array
(
    [ts] => 1765890290793
    [sirket_id] => 26847
)

2025-12-16 16:34:09 - Request received: Array
(
    [ts] => 1765892049047
    [sirket_id] => 26847
)

2025-12-16 16:34:13 - Request received: Array
(
    [ts] => 1765892053336
    [sirket_id] => 26847
)

2025-12-16 16:45:57 - Request received: Array
(
    [ts] => 1765892757215
    [sirket_id] => 26847
)

2025-12-16 17:17:37 - Request received: Array
(
    [ts] => 1765894657438
    [sirket_id] => 26847
)

2025-12-16 17:17:43 - Request received: Array
(
    [ts] => 1765894663498
    [sirket_id] => 26847
)

2025-12-16 17:19:27 - Request received: Array
(
    [ts] => 1765894767291
    [sirket_id] => 26847
)

2025-12-16 17:19:36 - Request received: Array
(
    [ts] => 1765894776642
    [sirket_id] => 26847
)

2025-12-16 17:21:26 - Request received: Array
(
    [ts] => 1765894886015
    [sirket_id] => 26847
)

2025-12-16 17:34:17 - Request received: Array
(
    [ts] => 1765895657063
    [sirket_id] => 26847
)

2025-12-17 13:45:01 - Request received: Array
(
    [ts] => 1765968300802
    [sirket_id] => 26847
)

2025-12-17 13:48:37 - Request received: Array
(
    [ts] => 1765968517634
    [sirket_id] => 26847
)

2025-12-17 13:49:01 - Request received: Array
(
    [ts] => 1765968540944
    [sirket_id] => 26847
)

2025-12-17 13:49:18 - Request received: Array
(
    [ts] => 1765968558099
    [sirket_id] => 26847
)

2025-12-17 13:52:00 - Request received: Array
(
    [ts] => 1765968720346
    [sirket_id] => 26847
)

2025-12-17 13:52:25 - Request received: Array
(
    [ts] => 1765968745043
    [sirket_id] => 26847
)

2025-12-17 14:04:54 - Request received: Array
(
    [ts] => 1765969494505
    [sirket_id] => 26847
)

2025-12-17 14:06:03 - Request received: Array
(
    [ts] => 1765969563706
    [sirket_id] => 26847
)

2025-12-17 14:07:22 - Request received: Array
(
    [ts] => 1765969641964
    [sirket_id] => 26847
)

2025-12-17 14:10:19 - Request received: Array
(
    [ts] => 1765969819613
    [sirket_id] => 26847
)

2025-12-17 14:12:50 - Request received: Array
(
    [ts] => 1765969970118
    [sirket_id] => 26847
)

2025-12-17 14:31:12 - Request received: Array
(
    [ts] => 1765971071977
    [sirket_id] => 26847
)

2025-12-17 14:41:14 - Request received: Array
(
    [ts] => 1765971674579
    [sirket_id] => 26847
)

2025-12-17 15:03:38 - Request received: Array
(
    [ts] => 1765973017920
    [sirket_id] => 26847
)

2025-12-17 15:43:47 - Request received: Array
(
    [ts] => 1765975427735
    [sirket_id] => 26847
)

2025-12-17 15:45:12 - Request received: Array
(
    [ts] => 1765975512019
    [sirket_id] => 26847
)

2025-12-17 15:47:20 - Request received: Array
(
    [ts] => 1765975640499
    [sirket_id] => 26847
)

2025-12-24 14:52:49 - Request received: Array
(
    [ts] => 1766577169878
    [sirket_id] => 26847
)

2025-12-24 14:53:22 - Request received: Array
(
    [ts] => 1766577202712
    [sirket_id] => 26847
)

2025-12-24 14:53:26 - Request received: Array
(
    [ts] => 1766577206604
    [sirket_id] => 101417
)

2025-12-24 14:53:30 - Request received: Array
(
    [ts] => 1766577210744
    [sirket_id] => 26847
)

2025-12-24 14:54:32 - Request received: Array
(
    [ts] => 1766577272516
    [sirket_id] => 26847
)

2025-12-24 14:54:36 - Request received: Array
(
    [ts] => 1766577276200
    [sirket_id] => 28539
)

2025-12-24 14:54:40 - Request received: Array
(
    [ts] => 1766577280482
    [sirket_id] => 26847
)

2025-12-24 14:54:50 - Request received: Array
(
    [ts] => 1766577290284
    [sirket_id] => 29601
)

2025-12-24 14:55:11 - Request received: Array
(
    [ts] => 1766577311143
    [sirket_id] => 28540
)

2025-12-29 08:37:35 - Request received: Array
(
    [ts] => 1766986655558
    [sirket_id] => 26847
)

2025-12-29 08:37:51 - Request received: Array
(
    [ts] => 1766986671275
    [sirket_id] => 26847
)

2025-12-29 08:51:39 - Request received: Array
(
    [ts] => 1766987499590
    [sirket_id] => 26847
)

2025-12-29 10:37:46 - Request received: Array
(
    [ts] => 1766993866189
    [sirket_id] => 26847
)

2025-12-29 10:38:48 - Request received: Array
(
    [ts] => 1766993928769
    [sirket_id] => 26847
)

2025-12-29 10:40:00 - Request received: Array
(
    [ts] => 1766994000460
    [sirket_id] => 26847
)

2025-12-29 10:42:43 - Request received: Array
(
    [ts] => 1766994163551
    [sirket_id] => 26847
)

2025-12-29 10:43:06 - Request received: Array
(
    [ts] => 1766994186802
    [sirket_id] => 26847
)

2025-12-29 10:43:20 - Request received: Array
(
    [ts] => 1766994200256
    [sirket_id] => 26847
)

2025-12-29 10:44:26 - Request received: Array
(
    [ts] => 1766994266589
    [sirket_id] => 26847
)

2025-12-29 11:07:47 - Request received: Array
(
    [ts] => 1766995667571
    [sirket_id] => 26847
)

2025-12-29 11:14:21 - Request received: Array
(
    [ts] => 1766996060950
    [sirket_id] => 26847
)

2025-12-29 11:14:39 - Request received: Array
(
    [ts] => 1766996079716
    [sirket_id] => 26847
)

2026-01-05 09:02:31 - Request received: Array
(
    [ts] => 1767592951875
    [sirket_id] => 26847
)

2026-01-08 10:34:25 - Request received: Array
(
    [ts] => 1767857665003
    [sirket_id] => 26847
)

2026-01-08 10:34:29 - Request received: Array
(
    [ts] => 1767857669056
    [sirket_id] => 26847
)

2026-01-08 10:36:44 - Request received: Array
(
    [ts] => 1767857804529
    [sirket_id] => 26847
)

2026-01-08 10:42:12 - Request received: Array
(
    [ts] => 1767858132716
    [sirket_id] => 26847
)

2026-01-08 10:42:43 - Request received: Array
(
    [ts] => 1767858163912
    [sirket_id] => 26847
)

2026-01-08 10:43:22 - Request received: Array
(
    [ts] => 1767858202108
    [sirket_id] => 26847
)

2026-01-08 10:44:04 - Request received: Array
(
    [ts] => 1767858243937
    [sirket_id] => 26847
)

2026-01-08 10:46:01 - Request received: Array
(
    [ts] => 1767858361779
    [sirket_id] => 26847
)

2026-01-08 10:46:39 - Request received: Array
(
    [ts] => 1767858399334
    [sirket_id] => 26847
)

2026-01-08 10:49:19 - Request received: Array
(
    [ts] => 1767858559091
    [sirket_id] => 26847
)

2026-01-08 10:51:21 - Request received: Array
(
    [ts] => 1767858681335
    [sirket_id] => 26847
)

2026-01-08 10:51:31 - Request received: Array
(
    [ts] => 1767858690982
    [sirket_id] => 26847
)

2026-01-08 10:52:29 - Request received: Array
(
    [ts] => 1767858749763
    [sirket_id] => 26847
)

2026-01-08 10:52:35 - Request received: Array
(
    [ts] => 1767858755020
    [sirket_id] => 26847
)

2026-01-08 10:57:12 - Request received: Array
(
    [ts] => 1767859032051
    [sirket_id] => 26847
)

2026-01-08 10:58:13 - Request received: Array
(
    [ts] => 1767859093341
    [sirket_id] => 26847
)

2026-01-08 10:58:16 - Request received: Array
(
    [ts] => 1767859096484
    [sirket_id] => 26847
)

2026-01-08 11:01:49 - Request received: Array
(
    [ts] => 1767859309137
    [sirket_id] => 26847
)

2026-01-08 11:01:55 - Request received: Array
(
    [ts] => 1767859315375
    [sirket_id] => 26847
)

2026-01-08 11:19:41 - Request received: Array
(
    [ts] => 1767860381593
    [sirket_id] => 26847
)

2026-01-08 11:19:58 - Request received: Array
(
    [ts] => 1767860398905
    [sirket_id] => 26847
)

2026-01-08 11:50:01 - Request received: Array
(
    [ts] => 1767862201321
    [sirket_id] => 26847
)

2026-01-14 00:10:24 - Request received: Array
(
    [ts] => 1768338622921
    [sirket_id] => 26847
)

2026-01-14 00:10:45 - Request received: Array
(
    [ts] => 1768338643497
    [sirket_id] => 26847
)

2026-01-14 00:22:16 - Request received: Array
(
    [ts] => 1768339334875
    [sirket_id] => 26847
)

2026-01-14 00:47:18 - Request received: Array
(
    [ts] => 1768340836802
    [sirket_id] => 26847
)

2026-01-14 00:49:04 - Request received: Array
(
    [ts] => 1768340942853
    [sirket_id] => 26847
)

2026-01-14 00:51:16 - Request received: Array
(
    [ts] => 1768341074008
    [sirket_id] => 26847
)

2026-01-14 00:53:47 - Request received: Array
(
    [ts] => 1768341225269
    [sirket_id] => 26847
)

2026-01-14 00:54:19 - Request received: Array
(
    [ts] => 1768341257138
    [sirket_id] => 26847
)

2026-01-14 00:57:20 - Request received: Array
(
    [ts] => 1768341438906
    [sirket_id] => 26847
)

2026-01-14 00:58:54 - Request received: Array
(
    [ts] => 1768341532192
    [sirket_id] => 26847
)

2026-01-14 01:06:30 - Request received: Array
(
    [ts] => 1768341988912
    [sirket_id] => 26847
)

2026-01-14 01:09:29 - Request received: Array
(
    [ts] => 1768342167940
    [sirket_id] => 26847
)

2026-01-14 01:11:32 - Request received: Array
(
    [ts] => 1768342289951
    [sirket_id] => 26847
)

2026-01-14 01:18:21 - Request received: Array
(
    [ts] => 1768342699131
    [sirket_id] => 26847
)

2026-01-14 01:21:20 - Request received: Array
(
    [ts] => 1768342878303
    [sirket_id] => 26847
)

2026-01-14 01:22:56 - Request received: Array
(
    [ts] => 1768342974503
    [sirket_id] => 26847
)

2026-01-14 01:24:40 - Request received: Array
(
    [ts] => 1768343078173
    [sirket_id] => 26847
)

2026-01-14 01:26:11 - Request received: Array
(
    [ts] => 1768343169533
    [sirket_id] => 26847
)

2026-01-14 01:26:40 - Request received: Array
(
    [ts] => 1768343196269
    [sirket_id] => 26847
)

2026-01-14 01:29:18 - Request received: Array
(
    [ts] => 1768343356563
    [sirket_id] => 26847
)

2026-01-14 01:30:09 - Request received: Array
(
    [ts] => 1768343407884
    [sirket_id] => 26847
)

2026-01-14 01:30:54 - Request received: Array
(
    [ts] => 1768343452563
    [sirket_id] => 26847
)

2026-01-14 01:52:59 - Request received: Array
(
    [ts] => 1768344777570
    [sirket_id] => 26847
)

2026-01-14 01:56:19 - Request received: Array
(
    [ts] => 1768344977575
    [sirket_id] => 26847
)

2026-01-14 02:00:01 - Request received: Array
(
    [ts] => 1768345199788
    [sirket_id] => 26847
)

2026-01-14 02:00:58 - Request received: Array
(
    [ts] => 1768345256039
    [sirket_id] => 26847
)

2026-01-14 02:03:46 - Request received: Array
(
    [ts] => 1768345424820
    [sirket_id] => 26847
)

2026-01-14 02:04:12 - Request received: Array
(
    [ts] => 1768345450400
    [sirket_id] => 26847
)

2026-01-14 02:10:37 - Request received: Array
(
    [ts] => 1768345835001
    [sirket_id] => 26847
)

2026-01-14 02:19:02 - Request received: Array
(
    [ts] => 1768346340225
    [sirket_id] => 26847
)

2026-01-14 02:23:56 - Request received: Array
(
    [ts] => 1768346634270
    [sirket_id] => 26847
)

2026-01-14 02:27:04 - Request received: Array
(
    [ts] => 1768346822252
    [sirket_id] => 26847
)

2026-01-14 02:27:50 - Request received: Array
(
    [ts] => 1768346868179
    [sirket_id] => 26847
)

2026-01-14 02:32:37 - Request received: Array
(
    [ts] => 1768347155150
    [sirket_id] => 26847
)

2026-01-14 02:32:45 - Request received: Array
(
    [ts] => 1768347163739
    [sirket_id] => 26847
)

2026-01-14 09:45:24 - Request received: Array
(
    [ts] => 1768373124329
    [sirket_id] => 26847
)

2026-01-14 09:47:13 - Request received: Array
(
    [ts] => 1768373233270
    [sirket_id] => 26847
)

2026-01-14 09:49:38 - Request received: Array
(
    [ts] => 1768373378264
    [sirket_id] => 26847
)

2026-01-14 09:50:30 - Request received: Array
(
    [ts] => 1768373429977
    [sirket_id] => 26847
)

2026-01-14 09:55:57 - Request received: Array
(
    [ts] => 1768373757637
    [sirket_id] => 26847
)

2026-01-14 09:56:08 - Request received: Array
(
    [ts] => 1768373768840
    [sirket_id] => 26847
)

2026-01-14 09:56:17 - Request received: Array
(
    [ts] => 1768373777051
    [sirket_id] => 26847
)

2026-01-14 10:38:14 - Request received: Array
(
    [ts] => 1768376294301
    [sirket_id] => 26847
)

2026-01-14 10:45:09 - Request received: Array
(
    [ts] => 1768376709233
    [sirket_id] => 26847
)

2026-01-14 10:45:15 - Request received: Array
(
    [ts] => 1768376715213
    [sirket_id] => 36214
)

2026-01-14 10:47:20 - Request received: Array
(
    [ts] => 1768376839939
    [sirket_id] => 26847
)

2026-01-14 10:48:09 - Request received: Array
(
    [ts] => 1768376889119
    [sirket_id] => 26847
)

2026-01-14 10:48:11 - Request received: Array
(
    [ts] => 1768376891794
    [sirket_id] => 26847
)

2026-01-14 10:48:16 - Request received: Array
(
    [ts] => 1768376896327
    [sirket_id] => 26847
)

2026-01-14 10:49:01 - Request received: Array
(
    [ts] => 1768376941637
    [sirket_id] => 26847
)

2026-01-14 10:49:11 - Request received: Array
(
    [ts] => 1768376951588
    [sirket_id] => 26847
)

2026-01-14 10:49:14 - Request received: Array
(
    [ts] => 1768376954689
    [sirket_id] => 26847
)

2026-01-14 10:49:17 - Request received: Array
(
    [ts] => 1768376957197
    [sirket_id] => 26847
)

2026-01-14 10:50:33 - Request received: Array
(
    [ts] => 1768377033037
    [sirket_id] => 26847
)

2026-01-14 10:50:40 - Request received: Array
(
    [ts] => 1768377040055
    [sirket_id] => 26847
)

2026-01-14 10:52:03 - Request received: Array
(
    [ts] => 1768377122915
    [sirket_id] => 26847
)

2026-01-14 10:52:07 - Request received: Array
(
    [ts] => 1768377127105
    [sirket_id] => 26847
)

2026-01-14 10:52:12 - Request received: Array
(
    [ts] => 1768377131959
    [sirket_id] => 26847
)

2026-01-14 10:55:37 - Request received: Array
(
    [ts] => 1768377337211
    [sirket_id] => 26847
)

2026-01-14 10:55:40 - Request received: Array
(
    [ts] => 1768377340378
    [sirket_id] => 26847
)

2026-01-14 10:57:29 - Request received: Array
(
    [ts] => 1768377448745
    [sirket_id] => 28541
)

2026-01-14 10:57:39 - Request received: Array
(
    [ts] => 1768377458978
    [sirket_id] => 26847
)

2026-01-14 10:57:48 - Request received: Array
(
    [ts] => 1768377468124
    [sirket_id] => 26847
)

2026-01-14 10:57:53 - Request received: Array
(
    [ts] => 1768377473474
    [sirket_id] => 26847
)

2026-01-14 10:57:58 - Request received: Array
(
    [ts] => 1768377478185
    [sirket_id] => 26847
)

2026-01-14 10:58:10 - Request received: Array
(
    [ts] => 1768377490678
    [sirket_id] => 26847
)

2026-01-14 11:00:09 - Request received: Array
(
    [ts] => 1768377609874
    [sirket_id] => 26847
)

2026-01-14 11:00:12 - Request received: Array
(
    [ts] => 1768377612758
    [sirket_id] => 26847
)

2026-01-14 11:00:15 - Request received: Array
(
    [ts] => 1768377615754
    [sirket_id] => 26847
)

2026-01-14 11:09:03 - Request received: Array
(
    [ts] => 1768378143847
    [sirket_id] => 26847
)

2026-01-14 11:12:17 - Request received: Array
(
    [ts] => 1768378337687
    [sirket_id] => 26847
)

2026-01-14 11:12:38 - Request received: Array
(
    [ts] => 1768378358761
    [sirket_id] => 26847
)

2026-01-14 11:12:58 - Request received: Array
(
    [ts] => 1768378378284
    [sirket_id] => 26847
)

2026-01-14 11:14:21 - Request received: Array
(
    [ts] => 1768378461729
    [sirket_id] => 26847
)

2026-01-14 11:15:42 - Request received: Array
(
    [ts] => 1768378542017
    [sirket_id] => 26847
)

2026-01-14 11:19:25 - Request received: Array
(
    [ts] => 1768378765117
    [sirket_id] => 26847
)

2026-01-14 11:19:33 - Request received: Array
(
    [ts] => 1768378772970
    [sirket_id] => 26847
)

2026-01-14 11:20:42 - Request received: Array
(
    [ts] => 1768378841995
    [sirket_id] => 26847
)

2026-01-14 11:20:48 - Request received: Array
(
    [ts] => 1768378848742
    [sirket_id] => 26847
)

2026-01-14 11:20:55 - Request received: Array
(
    [ts] => 1768378855566
    [sirket_id] => 26847
)

2026-01-14 11:21:54 - Request received: Array
(
    [ts] => 1768378914753
    [sirket_id] => 26847
)

2026-01-14 11:24:32 - Request received: Array
(
    [ts] => 1768379072492
    [sirket_id] => 26847
)

2026-01-14 11:24:35 - Request received: Array
(
    [ts] => 1768379075526
    [sirket_id] => 26847
)

2026-01-14 11:27:58 - Request received: Array
(
    [ts] => 1768379278200
    [sirket_id] => 26847
)

2026-01-14 11:28:27 - Request received: Array
(
    [ts] => 1768379306980
    [sirket_id] => 26847
)

2026-01-14 11:28:40 - Request received: Array
(
    [ts] => 1768379320647
    [sirket_id] => 26847
)

2026-01-14 11:29:21 - Request received: Array
(
    [ts] => 1768379360951
    [sirket_id] => 26847
)

2026-01-14 11:29:44 - Request received: Array
(
    [ts] => 1768379384336
    [sirket_id] => 26847
)

2026-01-14 11:30:52 - Request received: Array
(
    [ts] => 1768379452346
    [sirket_id] => 26847
)

2026-01-14 11:31:19 - Request received: Array
(
    [ts] => 1768379479690
    [sirket_id] => 26847
)

2026-01-14 11:31:33 - Request received: Array
(
    [ts] => 1768379493549
    [sirket_id] => 26847
)

2026-01-14 11:33:16 - Request received: Array
(
    [ts] => 1768379596142
    [sirket_id] => 26847
)

2026-01-14 11:34:52 - Request received: Array
(
    [ts] => 1768379692163
    [sirket_id] => 26847
)

2026-01-14 11:37:37 - Request received: Array
(
    [ts] => 1768379857441
    [sirket_id] => 26847
)

2026-01-14 11:38:01 - Request received: Array
(
    [ts] => 1768379881538
    [sirket_id] => 26847
)

2026-01-14 11:39:08 - Request received: Array
(
    [ts] => 1768379948697
    [sirket_id] => 26847
)

2026-01-14 11:39:48 - Request received: Array
(
    [ts] => 1768379988433
    [sirket_id] => 26847
)

2026-01-14 11:40:54 - Request received: Array
(
    [ts] => 1768380054203
    [sirket_id] => 26847
)

2026-01-14 11:44:50 - Request received: Array
(
    [ts] => 1768380290848
    [sirket_id] => 26847
)

2026-01-14 11:48:20 - Request received: Array
(
    [ts] => 1768380500784
    [sirket_id] => 26847
)

2026-01-14 12:32:51 - Request received: Array
(
    [ts] => 1768383171421
    [sirket_id] => 26847
)

2026-01-14 12:37:59 - Request received: Array
(
    [ts] => 1768383478966
    [sirket_id] => 26847
)

2026-01-14 12:39:23 - Request received: Array
(
    [ts] => 1768383563042
    [sirket_id] => 26847
)

2026-01-14 12:41:04 - Request received: Array
(
    [ts] => 1768383664839
    [sirket_id] => 26847
)

2026-01-14 12:43:33 - Request received: Array
(
    [ts] => 1768383813642
    [sirket_id] => 26847
)

2026-01-14 12:46:13 - Request received: Array
(
    [ts] => 1768383973624
    [sirket_id] => 26847
)

2026-01-14 12:50:21 - Request received: Array
(
    [ts] => 1768384221036
    [sirket_id] => 26847
)

2026-01-14 12:50:46 - Request received: Array
(
    [ts] => 1768384246193
    [sirket_id] => 26847
)

2026-01-14 12:51:32 - Request received: Array
(
    [ts] => 1768384292767
    [sirket_id] => 26847
)

2026-01-14 12:52:18 - Request received: Array
(
    [ts] => 1768384337899
    [sirket_id] => 26847
)

2026-01-14 13:00:05 - Request received: Array
(
    [ts] => 1768384805686
    [sirket_id] => 26847
)

2026-01-14 13:00:25 - Request received: Array
(
    [ts] => 1768384825110
    [sirket_id] => 26847
)

2026-01-14 13:02:00 - Request received: Array
(
    [ts] => 1768384920630
    [sirket_id] => 26847
)

2026-01-14 13:03:52 - Request received: Array
(
    [ts] => 1768385032151
    [sirket_id] => 26847
)

2026-01-14 13:04:53 - Request received: Array
(
    [ts] => 1768385093435
    [sirket_id] => 26847
)

2026-01-14 13:05:59 - Request received: Array
(
    [ts] => 1768385159133
    [sirket_id] => 26847
)

2026-01-14 13:06:15 - Request received: Array
(
    [ts] => 1768385175772
    [sirket_id] => 26847
)

2026-01-14 13:12:10 - Request received: Array
(
    [ts] => 1768385530472
    [sirket_id] => 26847
)

2026-01-14 13:14:30 - Request received: Array
(
    [ts] => 1768385670465
    [sirket_id] => 26847
)

2026-01-14 13:16:46 - Request received: Array
(
    [ts] => 1768385805842
    [sirket_id] => 26847
)

2026-01-14 13:17:59 - Request received: Array
(
    [ts] => 1768385879842
    [sirket_id] => 28541
)

2026-01-14 13:19:42 - Request received: Array
(
    [ts] => 1768385982373
    [sirket_id] => 26847
)

2026-01-14 13:19:52 - Request received: Array
(
    [ts] => 1768385992171
    [sirket_id] => 26847
)

2026-01-14 13:19:55 - Request received: Array
(
    [ts] => 1768385995803
    [sirket_id] => 28542
)

2026-01-14 13:20:05 - Request received: Array
(
    [ts] => 1768386004961
    [sirket_id] => 26847
)

2026-01-14 13:21:54 - Request received: Array
(
    [ts] => 1768386114045
    [sirket_id] => 26847
)

2026-01-14 13:24:16 - Request received: Array
(
    [ts] => 1768386256069
    [sirket_id] => 26847
)

2026-01-14 13:24:31 - Request received: Array
(
    [ts] => 1768386271041
    [sirket_id] => 26847
)

2026-01-14 13:27:31 - Request received: Array
(
    [ts] => 1768386451682
    [sirket_id] => 26847
)

2026-01-14 13:31:43 - Request received: Array
(
    [ts] => 1768386702904
    [sirket_id] => 26847
)

2026-01-14 13:34:36 - Request received: Array
(
    [ts] => 1768386876090
    [sirket_id] => 26847
)

2026-01-14 13:39:04 - Request received: Array
(
    [ts] => 1768387144540
    [sirket_id] => 26847
)

2026-01-14 13:51:00 - Request received: Array
(
    [ts] => 1768387859817
    [sirket_id] => 26847
)

2026-01-14 13:51:02 - Request received: Array
(
    [ts] => 1768387862414
    [sirket_id] => 26847
)

2026-01-14 13:51:05 - Request received: Array
(
    [ts] => 1768387865087
    [sirket_id] => 36214
)

2026-01-14 13:51:55 - Request received: Array
(
    [ts] => 1768387915184
    [sirket_id] => 36214
)

2026-01-14 13:56:25 - Request received: Array
(
    [ts] => 1768388185335
    [sirket_id] => 36214
)

2026-01-14 14:13:44 - Request received: Array
(
    [ts] => 1768389223238
    [sirket_id] => 36214
)

2026-01-14 14:14:04 - Request received: Array
(
    [ts] => 1768389244886
    [sirket_id] => 36214
)

2026-01-14 14:14:11 - Request received: Array
(
    [ts] => 1768389251072
    [sirket_id] => 26847
)

2026-01-14 14:14:18 - Request received: Array
(
    [ts] => 1768389258249
    [sirket_id] => 36445
)

2026-01-14 14:14:20 - Request received: Array
(
    [ts] => 1768389260215
    [sirket_id] => 28540
)

2026-01-14 14:14:36 - Request received: Array
(
    [ts] => 1768389276056
    [sirket_id] => 26847
)

2026-01-14 14:50:25 - Request received: Array
(
    [ts] => 1768391425374
    [sirket_id] => 36214
)

2026-01-14 14:50:35 - Request received: Array
(
    [ts] => 1768391435646
    [sirket_id] => 36214
)

2026-01-14 14:50:37 - Request received: Array
(
    [ts] => 1768391436982
    [sirket_id] => 125107
)

2026-01-14 14:50:45 - Request received: Array
(
    [ts] => 1768391445735
    [sirket_id] => 26847
)

2026-01-14 15:02:25 - Request received: Array
(
    [ts] => 1768392145690
    [sirket_id] => 36214
)

2026-01-14 15:14:38 - Request received: Array
(
    [ts] => 1768392878228
    [sirket_id] => 36214
)

2026-01-14 15:14:47 - Request received: Array
(
    [ts] => 1768392887410
    [sirket_id] => 125107
)

2026-01-14 17:49:50 - Request received: Array
(
    [ts] => 1768402189946
    [sirket_id] => 36214
)

2026-01-14 17:50:01 - Request received: Array
(
    [ts] => 1768402201756
    [sirket_id] => 26847
)

2026-01-15 08:59:08 - Request received: Array
(
    [ts] => 1768456748331
    [sirket_id] => 36214
)

2026-01-15 10:26:04 - Request received: Array
(
    [ts] => 1768461963764
    [sirket_id] => 36214
)

2026-01-15 10:44:02 - Request received: Array
(
    [ts] => 1768463041801
    [sirket_id] => 36214
)

2026-01-15 10:46:46 - Request received: Array
(
    [ts] => 1768463206643
    [sirket_id] => 36214
)

2026-01-15 11:34:34 - Request received: Array
(
    [ts] => 1768466074238
    [sirket_id] => 36214
)

2026-01-18 12:21:41 - Request received: Array
(
    [ts] => 1768728097062
    [sirket_id] => 36214
)

2026-01-18 12:23:26 - Request received: Array
(
    [ts] => 1768728204799
    [sirket_id] => 36214
)

2026-01-18 12:23:39 - Request received: Array
(
    [ts] => 1768728217162
    [sirket_id] => 36214
)

2026-01-18 12:24:47 - Request received: Array
(
    [ts] => 1768728285370
    [sirket_id] => 36214
)

2026-01-18 12:25:00 - Request received: Array
(
    [ts] => 1768728295965
    [sirket_id] => 36214
)

2026-01-18 12:25:30 - Request received: Array
(
    [ts] => 1768728328187
    [sirket_id] => 36214
)

2026-01-18 12:25:47 - Request received: Array
(
    [ts] => 1768728345608
    [sirket_id] => 36214
)

2026-01-18 12:26:10 - Request received: Array
(
    [ts] => 1768728368403
    [sirket_id] => 26924
)

2026-01-18 12:27:57 - Request received: Array
(
    [ts] => 1768728475093
    [sirket_id] => 27093
)

2026-01-18 13:02:29 - Request received: Array
(
    [ts] => 1768730547156
    [sirket_id] => 26847
)

2026-01-18 13:11:03 - Request received: Array
(
    [ts] => 1768731060955
    [sirket_id] => 26847
)

2026-01-18 13:21:55 - Request received: Array
(
    [ts] => 1768731713267
    [sirket_id] => 26847
)

2026-01-18 13:22:18 - Request received: Array
(
    [ts] => 1768731736243
    [sirket_id] => 26847
)

2026-01-18 13:27:13 - Request received: Array
(
    [ts] => 1768732031919
    [sirket_id] => 26847
)

2026-01-18 13:30:23 - Request received: Array
(
    [ts] => 1768732221068
    [sirket_id] => 26847
)

2026-01-18 15:49:18 - Request received: Array
(
    [ts] => 1768740556300
    [sirket_id] => 26847
)

2026-01-18 15:53:47 - Request received: Array
(
    [ts] => 1768740825643
    [sirket_id] => 26847
)

2026-01-18 15:55:12 - Request received: Array
(
    [ts] => 1768740910230
    [sirket_id] => 26847
)

2026-01-18 15:57:12 - Request received: Array
(
    [ts] => 1768741030454
    [sirket_id] => 26847
)

2026-01-18 16:32:58 - Request received: Array
(
    [ts] => 1768743176127
    [sirket_id] => 26847
)

2026-01-18 16:33:32 - Request received: Array
(
    [ts] => 1768743209979
    [sirket_id] => 26847
)

2026-01-18 17:20:37 - Request received: Array
(
    [ts] => 1768746034734
    [sirket_id] => 26847
)

2026-01-18 18:21:15 - Request received: Array
(
    [ts] => 1768749673718
    [sirket_id] => 26847
)

2026-01-18 18:21:43 - Request received: Array
(
    [ts] => 1768749701609
    [sirket_id] => 26847
)

2026-01-18 18:55:08 - Request received: Array
(
    [ts] => 1768751706050
    [sirket_id] => 26847
)

2026-01-18 19:30:45 - Request received: Array
(
    [ts] => 1768753842958
    [sirket_id] => 26847
)

2026-01-18 19:44:10 - Request received: Array
(
    [ts] => 1768754648337
    [sirket_id] => 26847
)

2026-01-18 19:50:06 - Request received: Array
(
    [ts] => 1768755004082
    [sirket_id] => 34400
)

2026-01-18 20:01:55 - Request received: Array
(
    [ts] => 1768755712435
    [sirket_id] => 26847
)

2026-01-18 20:04:29 - Request received: Array
(
    [ts] => 1768755866061
    [sirket_id] => 26847
)

2026-01-18 20:27:35 - Request received: Array
(
    [ts] => 1768757253914
    [sirket_id] => 26847
)

2026-01-19 09:13:33 - Request received: Array
(
    [ts] => 1768803213476
    [sirket_id] => 26847
)

2026-01-19 09:20:52 - Request received: Array
(
    [ts] => 1768803652295
    [sirket_id] => 26847
)

2026-01-19 09:25:25 - Request received: Array
(
    [ts] => 1768803925749
    [sirket_id] => 26847
)

2026-01-19 09:26:34 - Request received: Array
(
    [ts] => 1768803994680
    [sirket_id] => 26847
)

2026-01-19 10:14:27 - Request received: Array
(
    [ts] => 1768806867326
    [sirket_id] => 26847
)

2026-01-20 22:26:10 - Request received: Array
(
    [ts] => 1768937168878
    [sirket_id] => 26847
)

2026-01-20 22:35:11 - Request received: Array
(
    [ts] => 1768937709014
    [sirket_id] => 26847
)

2026-01-21 00:05:15 - Request received: Array
(
    [ts] => 1768943113801
    [sirket_id] => 26847
)

2026-01-21 00:10:55 - Request received: Array
(
    [ts] => 1768943453588
    [sirket_id] => 26847
)

2026-01-21 00:19:26 - Request received: Array
(
    [ts] => 1768943964595
    [sirket_id] => 26847
)

2026-01-21 00:26:14 - Request received: Array
(
    [ts] => 1768944372747
    [sirket_id] => 26847
)

2026-01-21 00:42:21 - Request received: Array
(
    [ts] => 1768945339163
    [sirket_id] => 26847
)

2026-01-21 00:56:56 - Request received: Array
(
    [ts] => 1768946214438
    [sirket_id] => 26847
)

2026-01-21 02:22:24 - Request received: Array
(
    [ts] => 1768951342345
    [sirket_id] => 26847
)

2026-01-21 02:25:08 - Request received: Array
(
    [ts] => 1768951506093
    [sirket_id] => 26847
)

