[26-Dec-2024 15:14:10 Etc/GMT-3] PHP Warning:  Undefined variable $hazx2 in /Applications/XAMPP/xamppfiles/htdocs/b2b-project/teklifsiparisler-duzenle.php on line 154
[26-Dec-2024 15:14:10 Etc/GMT-3] PHP Warning:  A non-numeric value encountered in /Applications/XAMPP/xamppfiles/htdocs/b2b-project/teklifsiparisler-duzenle.php on line 532
[26-Dec-2024 15:14:10 Etc/GMT-3] PHP Warning:  A non-numeric value encountered in /Applications/XAMPP/xamppfiles/htdocs/b2b-project/teklifsiparisler-duzenle.php on line 538
[26-Dec-2024 15:14:10 Etc/GMT-3] PHP Warning:  A non-numeric value encountered in /Applications/XAMPP/xamppfiles/htdocs/b2b-project/teklifsiparisler-duzenle.php on line 545
[26-Dec-2024 15:14:10 Etc/GMT-3] PHP Warning:  A non-numeric value encountered in /Applications/XAMPP/xamppfiles/htdocs/b2b-project/teklifsiparisler-duzenle.php on line 532
[26-Dec-2024 15:14:10 Etc/GMT-3] PHP Warning:  A non-numeric value encountered in /Applications/XAMPP/xamppfiles/htdocs/b2b-project/teklifsiparisler-duzenle.php on line 538
[26-Dec-2024 15:14:10 Etc/GMT-3] PHP Warning:  A non-numeric value encountered in /Applications/XAMPP/xamppfiles/htdocs/b2b-project/teklifsiparisler-duzenle.php on line 545
[26-Dec-2024 15:14:10 Etc/GMT-3] PHP Warning:  A non-numeric value encountered in /Applications/XAMPP/xamppfiles/htdocs/b2b-project/teklifsiparisler-duzenle.php on line 532
[26-Dec-2024 15:14:10 Etc/GMT-3] PHP Warning:  A non-numeric value encountered in /Applications/XAMPP/xamppfiles/htdocs/b2b-project/teklifsiparisler-duzenle.php on line 538
[26-Dec-2024 15:14:10 Etc/GMT-3] PHP Warning:  A non-numeric value encountered in /Applications/XAMPP/xamppfiles/htdocs/b2b-project/teklifsiparisler-duzenle.php on line 545
[26-Dec-2024 15:14:10 Etc/GMT-3] PHP Warning:  A non-numeric value encountered in /Applications/XAMPP/xamppfiles/htdocs/b2b-project/teklifsiparisler-duzenle.php on line 532
[26-Dec-2024 15:14:10 Etc/GMT-3] PHP Warning:  A non-numeric value encountered in /Applications/XAMPP/xamppfiles/htdocs/b2b-project/teklifsiparisler-duzenle.php on line 538
[26-Dec-2024 15:14:10 Etc/GMT-3] PHP Warning:  A non-numeric value encountered in /Applications/XAMPP/xamppfiles/htdocs/b2b-project/teklifsiparisler-duzenle.php on line 545
[26-Dec-2024 15:14:10 Etc/GMT-3] PHP Warning:  A non-numeric value encountered in /Applications/XAMPP/xamppfiles/htdocs/b2b-project/teklifsiparisler-duzenle.php on line 532
[26-Dec-2024 15:14:10 Etc/GMT-3] PHP Warning:  A non-numeric value encountered in /Applications/XAMPP/xamppfiles/htdocs/b2b-project/teklifsiparisler-duzenle.php on line 538
[26-Dec-2024 15:14:10 Etc/GMT-3] PHP Warning:  A non-numeric value encountered in /Applications/XAMPP/xamppfiles/htdocs/b2b-project/teklifsiparisler-duzenle.php on line 545
[26-Dec-2024 15:14:10 Etc/GMT-3] PHP Warning:  A non-numeric value encountered in /Applications/XAMPP/xamppfiles/htdocs/b2b-project/teklifsiparisler-duzenle.php on line 532
[26-Dec-2024 15:14:10 Etc/GMT-3] PHP Warning:  A non-numeric value encountered in /Applications/XAMPP/xamppfiles/htdocs/b2b-project/teklifsiparisler-duzenle.php on line 538
[26-Dec-2024 15:14:10 Etc/GMT-3] PHP Warning:  A non-numeric value encountered in /Applications/XAMPP/xamppfiles/htdocs/b2b-project/teklifsiparisler-duzenle.php on line 545
[26-Dec-2024 15:14:10 Etc/GMT-3] PHP Warning:  A non-numeric value encountered in /Applications/XAMPP/xamppfiles/htdocs/b2b-project/teklifsiparisler-duzenle.php on line 532
[26-Dec-2024 15:14:10 Etc/GMT-3] PHP Warning:  A non-numeric value encountered in /Applications/XAMPP/xamppfiles/htdocs/b2b-project/teklifsiparisler-duzenle.php on line 538
[26-Dec-2024 15:14:10 Etc/GMT-3] PHP Warning:  A non-numeric value encountered in /Applications/XAMPP/xamppfiles/htdocs/b2b-project/teklifsiparisler-duzenle.php on line 545
[26-Dec-2024 15:14:10 Etc/GMT-3] PHP Warning:  Undefined array key "siralama" in /Applications/XAMPP/xamppfiles/htdocs/b2b-project/teklifsiparisler-duzenle.php on line 727
[26-Dec-2024 15:14:10 Etc/GMT-3] PHP Warning:  Undefined array key "siralama" in /Applications/XAMPP/xamppfiles/htdocs/b2b-project/teklifsiparisler-duzenle.php on line 727
[26-Dec-2024 15:14:10 Etc/GMT-3] PHP Warning:  Undefined array key "siralama" in /Applications/XAMPP/xamppfiles/htdocs/b2b-project/teklifsiparisler-duzenle.php on line 727
[26-Dec-2024 15:14:10 Etc/GMT-3] PHP Warning:  Undefined array key "siralama" in /Applications/XAMPP/xamppfiles/htdocs/b2b-project/teklifsiparisler-duzenle.php on line 727
[26-Dec-2024 15:14:10 Etc/GMT-3] PHP Warning:  Undefined array key "siralama" in /Applications/XAMPP/xamppfiles/htdocs/b2b-project/teklifsiparisler-duzenle.php on line 727
[26-Dec-2024 15:14:10 Etc/GMT-3] PHP Warning:  Undefined array key "siralama" in /Applications/XAMPP/xamppfiles/htdocs/b2b-project/teklifsiparisler-duzenle.php on line 727
[26-Dec-2024 15:14:10 Etc/GMT-3] PHP Warning:  Undefined array key "siralama" in /Applications/XAMPP/xamppfiles/htdocs/b2b-project/teklifsiparisler-duzenle.php on line 727
[26-Dec-2024 15:14:10 Etc/GMT-3] PHP Warning:  Undefined array key "siralama" in /Applications/XAMPP/xamppfiles/htdocs/b2b-project/teklifsiparisler-duzenle.php on line 727
[26-Dec-2024 15:14:10 Etc/GMT-3] PHP Warning:  Undefined variable $hazx2 in /Applications/XAMPP/xamppfiles/htdocs/b2b-project/teklifsiparisler-duzenle.php on line 154
[26-Dec-2024 15:14:10 Etc/GMT-3] PHP Warning:  A non-numeric value encountered in /Applications/XAMPP/xamppfiles/htdocs/b2b-project/teklifsiparisler-duzenle.php on line 532
[26-Dec-2024 15:14:10 Etc/GMT-3] PHP Warning:  A non-numeric value encountered in /Applications/XAMPP/xamppfiles/htdocs/b2b-project/teklifsiparisler-duzenle.php on line 538
[26-Dec-2024 15:14:10 Etc/GMT-3] PHP Warning:  A non-numeric value encountered in /Applications/XAMPP/xamppfiles/htdocs/b2b-project/teklifsiparisler-duzenle.php on line 545
[26-Dec-2024 15:14:10 Etc/GMT-3] PHP Warning:  A non-numeric value encountered in /Applications/XAMPP/xamppfiles/htdocs/b2b-project/teklifsiparisler-duzenle.php on line 532
[26-Dec-2024 15:14:10 Etc/GMT-3] PHP Warning:  A non-numeric value encountered in /Applications/XAMPP/xamppfiles/htdocs/b2b-project/teklifsiparisler-duzenle.php on line 538
[26-Dec-2024 15:14:10 Etc/GMT-3] PHP Warning:  A non-numeric value encountered in /Applications/XAMPP/xamppfiles/htdocs/b2b-project/teklifsiparisler-duzenle.php on line 545
[26-Dec-2024 15:14:10 Etc/GMT-3] PHP Warning:  A non-numeric value encountered in /Applications/XAMPP/xamppfiles/htdocs/b2b-project/teklifsiparisler-duzenle.php on line 532
[26-Dec-2024 15:14:10 Etc/GMT-3] PHP Warning:  A non-numeric value encountered in /Applications/XAMPP/xamppfiles/htdocs/b2b-project/teklifsiparisler-duzenle.php on line 538
[26-Dec-2024 15:14:10 Etc/GMT-3] PHP Warning:  A non-numeric value encountered in /Applications/XAMPP/xamppfiles/htdocs/b2b-project/teklifsiparisler-duzenle.php on line 545
[26-Dec-2024 15:14:10 Etc/GMT-3] PHP Warning:  A non-numeric value encountered in /Applications/XAMPP/xamppfiles/htdocs/b2b-project/teklifsiparisler-duzenle.php on line 532
[26-Dec-2024 15:14:10 Etc/GMT-3] PHP Warning:  A non-numeric value encountered in /Applications/XAMPP/xamppfiles/htdocs/b2b-project/teklifsiparisler-duzenle.php on line 538
[26-Dec-2024 15:14:10 Etc/GMT-3] PHP Warning:  A non-numeric value encountered in /Applications/XAMPP/xamppfiles/htdocs/b2b-project/teklifsiparisler-duzenle.php on line 545
[26-Dec-2024 15:14:10 Etc/GMT-3] PHP Warning:  A non-numeric value encountered in /Applications/XAMPP/xamppfiles/htdocs/b2b-project/teklifsiparisler-duzenle.php on line 532
[26-Dec-2024 15:14:10 Etc/GMT-3] PHP Warning:  A non-numeric value encountered in /Applications/XAMPP/xamppfiles/htdocs/b2b-project/teklifsiparisler-duzenle.php on line 538
[26-Dec-2024 15:14:10 Etc/GMT-3] PHP Warning:  A non-numeric value encountered in /Applications/XAMPP/xamppfiles/htdocs/b2b-project/teklifsiparisler-duzenle.php on line 545
[26-Dec-2024 15:14:10 Etc/GMT-3] PHP Warning:  A non-numeric value encountered in /Applications/XAMPP/xamppfiles/htdocs/b2b-project/teklifsiparisler-duzenle.php on line 532
[26-Dec-2024 15:14:10 Etc/GMT-3] PHP Warning:  A non-numeric value encountered in /Applications/XAMPP/xamppfiles/htdocs/b2b-project/teklifsiparisler-duzenle.php on line 538
[26-Dec-2024 15:14:10 Etc/GMT-3] PHP Warning:  A non-numeric value encountered in /Applications/XAMPP/xamppfiles/htdocs/b2b-project/teklifsiparisler-duzenle.php on line 545
[26-Dec-2024 15:14:10 Etc/GMT-3] PHP Warning:  A non-numeric value encountered in /Applications/XAMPP/xamppfiles/htdocs/b2b-project/teklifsiparisler-duzenle.php on line 532
[26-Dec-2024 15:14:10 Etc/GMT-3] PHP Warning:  A non-numeric value encountered in /Applications/XAMPP/xamppfiles/htdocs/b2b-project/teklifsiparisler-duzenle.php on line 538
[26-Dec-2024 15:14:10 Etc/GMT-3] PHP Warning:  A non-numeric value encountered in /Applications/XAMPP/xamppfiles/htdocs/b2b-project/teklifsiparisler-duzenle.php on line 545
[26-Dec-2024 15:14:10 Etc/GMT-3] PHP Warning:  Undefined array key "siralama" in /Applications/XAMPP/xamppfiles/htdocs/b2b-project/teklifsiparisler-duzenle.php on line 727
[26-Dec-2024 15:14:10 Etc/GMT-3] PHP Warning:  Undefined array key "siralama" in /Applications/XAMPP/xamppfiles/htdocs/b2b-project/teklifsiparisler-duzenle.php on line 727
[26-Dec-2024 15:14:10 Etc/GMT-3] PHP Warning:  Undefined array key "siralama" in /Applications/XAMPP/xamppfiles/htdocs/b2b-project/teklifsiparisler-duzenle.php on line 727
[26-Dec-2024 15:14:10 Etc/GMT-3] PHP Warning:  Undefined array key "siralama" in /Applications/XAMPP/xamppfiles/htdocs/b2b-project/teklifsiparisler-duzenle.php on line 727
[26-Dec-2024 15:14:10 Etc/GMT-3] PHP Warning:  Undefined array key "siralama" in /Applications/XAMPP/xamppfiles/htdocs/b2b-project/teklifsiparisler-duzenle.php on line 727
[26-Dec-2024 15:14:10 Etc/GMT-3] PHP Warning:  Undefined array key "siralama" in /Applications/XAMPP/xamppfiles/htdocs/b2b-project/teklifsiparisler-duzenle.php on line 727
[26-Dec-2024 15:14:10 Etc/GMT-3] PHP Warning:  Undefined array key "siralama" in /Applications/XAMPP/xamppfiles/htdocs/b2b-project/teklifsiparisler-duzenle.php on line 727
[26-Dec-2024 15:14:10 Etc/GMT-3] PHP Warning:  Undefined array key "siralama" in /Applications/XAMPP/xamppfiles/htdocs/b2b-project/teklifsiparisler-duzenle.php on line 727
[26-Dec-2024 15:14:10 Etc/GMT-3] PHP Warning:  Undefined variable $hazx2 in /Applications/XAMPP/xamppfiles/htdocs/b2b-project/teklifsiparisler-duzenle.php on line 154
[26-Dec-2024 15:14:10 Etc/GMT-3] PHP Warning:  Undefined variable $eurom in /Applications/XAMPP/xamppfiles/htdocs/b2b-project/teklifsiparisler-duzenle.php on line 405
[26-Dec-2024 15:14:10 Etc/GMT-3] PHP Warning:  Undefined variable $dolarim in /Applications/XAMPP/xamppfiles/htdocs/b2b-project/teklifsiparisler-duzenle.php on line 416
[26-Dec-2024 15:14:10 Etc/GMT-3] PHP Warning:  A non-numeric value encountered in /Applications/XAMPP/xamppfiles/htdocs/b2b-project/teklifsiparisler-duzenle.php on line 532
[26-Dec-2024 15:14:10 Etc/GMT-3] PHP Warning:  A non-numeric value encountered in /Applications/XAMPP/xamppfiles/htdocs/b2b-project/teklifsiparisler-duzenle.php on line 538
[26-Dec-2024 15:14:10 Etc/GMT-3] PHP Warning:  A non-numeric value encountered in /Applications/XAMPP/xamppfiles/htdocs/b2b-project/teklifsiparisler-duzenle.php on line 545
[26-Dec-2024 15:14:10 Etc/GMT-3] PHP Warning:  A non-numeric value encountered in /Applications/XAMPP/xamppfiles/htdocs/b2b-project/teklifsiparisler-duzenle.php on line 532
[26-Dec-2024 15:14:10 Etc/GMT-3] PHP Warning:  A non-numeric value encountered in /Applications/XAMPP/xamppfiles/htdocs/b2b-project/teklifsiparisler-duzenle.php on line 538
[26-Dec-2024 15:14:10 Etc/GMT-3] PHP Warning:  A non-numeric value encountered in /Applications/XAMPP/xamppfiles/htdocs/b2b-project/teklifsiparisler-duzenle.php on line 545
[26-Dec-2024 15:14:10 Etc/GMT-3] PHP Warning:  A non-numeric value encountered in /Applications/XAMPP/xamppfiles/htdocs/b2b-project/teklifsiparisler-duzenle.php on line 532
[26-Dec-2024 15:14:10 Etc/GMT-3] PHP Warning:  A non-numeric value encountered in /Applications/XAMPP/xamppfiles/htdocs/b2b-project/teklifsiparisler-duzenle.php on line 538
[26-Dec-2024 15:14:10 Etc/GMT-3] PHP Warning:  A non-numeric value encountered in /Applications/XAMPP/xamppfiles/htdocs/b2b-project/teklifsiparisler-duzenle.php on line 545
[26-Dec-2024 15:14:10 Etc/GMT-3] PHP Warning:  A non-numeric value encountered in /Applications/XAMPP/xamppfiles/htdocs/b2b-project/teklifsiparisler-duzenle.php on line 532
[26-Dec-2024 15:14:10 Etc/GMT-3] PHP Warning:  A non-numeric value encountered in /Applications/XAMPP/xamppfiles/htdocs/b2b-project/teklifsiparisler-duzenle.php on line 538
[26-Dec-2024 15:14:10 Etc/GMT-3] PHP Warning:  A non-numeric value encountered in /Applications/XAMPP/xamppfiles/htdocs/b2b-project/teklifsiparisler-duzenle.php on line 545
[26-Dec-2024 15:14:10 Etc/GMT-3] PHP Warning:  A non-numeric value encountered in /Applications/XAMPP/xamppfiles/htdocs/b2b-project/teklifsiparisler-duzenle.php on line 532
[26-Dec-2024 15:14:10 Etc/GMT-3] PHP Warning:  A non-numeric value encountered in /Applications/XAMPP/xamppfiles/htdocs/b2b-project/teklifsiparisler-duzenle.php on line 538
[26-Dec-2024 15:14:10 Etc/GMT-3] PHP Warning:  A non-numeric value encountered in /Applications/XAMPP/xamppfiles/htdocs/b2b-project/teklifsiparisler-duzenle.php on line 545
[26-Dec-2024 15:14:10 Etc/GMT-3] PHP Warning:  A non-numeric value encountered in /Applications/XAMPP/xamppfiles/htdocs/b2b-project/teklifsiparisler-duzenle.php on line 532
[26-Dec-2024 15:14:10 Etc/GMT-3] PHP Warning:  A non-numeric value encountered in /Applications/XAMPP/xamppfiles/htdocs/b2b-project/teklifsiparisler-duzenle.php on line 538
[26-Dec-2024 15:14:10 Etc/GMT-3] PHP Warning:  A non-numeric value encountered in /Applications/XAMPP/xamppfiles/htdocs/b2b-project/teklifsiparisler-duzenle.php on line 545
[26-Dec-2024 15:14:10 Etc/GMT-3] PHP Warning:  A non-numeric value encountered in /Applications/XAMPP/xamppfiles/htdocs/b2b-project/teklifsiparisler-duzenle.php on line 532
[26-Dec-2024 15:14:10 Etc/GMT-3] PHP Warning:  A non-numeric value encountered in /Applications/XAMPP/xamppfiles/htdocs/b2b-project/teklifsiparisler-duzenle.php on line 538
[26-Dec-2024 15:14:10 Etc/GMT-3] PHP Warning:  A non-numeric value encountered in /Applications/XAMPP/xamppfiles/htdocs/b2b-project/teklifsiparisler-duzenle.php on line 545
[26-Dec-2024 15:14:10 Etc/GMT-3] PHP Warning:  Undefined array key "siralama" in /Applications/XAMPP/xamppfiles/htdocs/b2b-project/teklifsiparisler-duzenle.php on line 727
[26-Dec-2024 15:14:10 Etc/GMT-3] PHP Warning:  Undefined array key "siralama" in /Applications/XAMPP/xamppfiles/htdocs/b2b-project/teklifsiparisler-duzenle.php on line 727
[26-Dec-2024 15:14:10 Etc/GMT-3] PHP Warning:  Undefined array key "siralama" in /Applications/XAMPP/xamppfiles/htdocs/b2b-project/teklifsiparisler-duzenle.php on line 727
[26-Dec-2024 15:14:10 Etc/GMT-3] PHP Warning:  Undefined array key "siralama" in /Applications/XAMPP/xamppfiles/htdocs/b2b-project/teklifsiparisler-duzenle.php on line 727
[26-Dec-2024 15:14:10 Etc/GMT-3] PHP Warning:  Undefined array key "siralama" in /Applications/XAMPP/xamppfiles/htdocs/b2b-project/teklifsiparisler-duzenle.php on line 727
[26-Dec-2024 15:14:10 Etc/GMT-3] PHP Warning:  Undefined array key "siralama" in /Applications/XAMPP/xamppfiles/htdocs/b2b-project/teklifsiparisler-duzenle.php on line 727
[26-Dec-2024 15:14:10 Etc/GMT-3] PHP Warning:  Undefined array key "siralama" in /Applications/XAMPP/xamppfiles/htdocs/b2b-project/teklifsiparisler-duzenle.php on line 727
[26-Dec-2024 15:14:10 Etc/GMT-3] PHP Warning:  Undefined array key "siralama" in /Applications/XAMPP/xamppfiles/htdocs/b2b-project/teklifsiparisler-duzenle.php on line 727
[26-Dec-2024 15:14:10 Etc/GMT-3] PHP Warning:  Undefined variable $hazx2 in /Applications/XAMPP/xamppfiles/htdocs/b2b-project/teklifsiparisler-duzenle.php on line 154
[26-Dec-2024 15:14:10 Etc/GMT-3] PHP Warning:  Undefined variable $eurom in /Applications/XAMPP/xamppfiles/htdocs/b2b-project/teklifsiparisler-duzenle.php on line 405
[26-Dec-2024 15:14:10 Etc/GMT-3] PHP Warning:  Undefined variable $dolarim in /Applications/XAMPP/xamppfiles/htdocs/b2b-project/teklifsiparisler-duzenle.php on line 416
[26-Dec-2024 15:14:10 Etc/GMT-3] PHP Warning:  A non-numeric value encountered in /Applications/XAMPP/xamppfiles/htdocs/b2b-project/teklifsiparisler-duzenle.php on line 532
[26-Dec-2024 15:14:10 Etc/GMT-3] PHP Warning:  A non-numeric value encountered in /Applications/XAMPP/xamppfiles/htdocs/b2b-project/teklifsiparisler-duzenle.php on line 538
[26-Dec-2024 15:14:10 Etc/GMT-3] PHP Warning:  A non-numeric value encountered in /Applications/XAMPP/xamppfiles/htdocs/b2b-project/teklifsiparisler-duzenle.php on line 545
[26-Dec-2024 15:14:10 Etc/GMT-3] PHP Warning:  A non-numeric value encountered in /Applications/XAMPP/xamppfiles/htdocs/b2b-project/teklifsiparisler-duzenle.php on line 532
[26-Dec-2024 15:14:10 Etc/GMT-3] PHP Warning:  A non-numeric value encountered in /Applications/XAMPP/xamppfiles/htdocs/b2b-project/teklifsiparisler-duzenle.php on line 538
[26-Dec-2024 15:14:10 Etc/GMT-3] PHP Warning:  A non-numeric value encountered in /Applications/XAMPP/xamppfiles/htdocs/b2b-project/teklifsiparisler-duzenle.php on line 545
[26-Dec-2024 15:14:10 Etc/GMT-3] PHP Warning:  A non-numeric value encountered in /Applications/XAMPP/xamppfiles/htdocs/b2b-project/teklifsiparisler-duzenle.php on line 532
[26-Dec-2024 15:14:10 Etc/GMT-3] PHP Warning:  A non-numeric value encountered in /Applications/XAMPP/xamppfiles/htdocs/b2b-project/teklifsiparisler-duzenle.php on line 538
[26-Dec-2024 15:14:10 Etc/GMT-3] PHP Warning:  A non-numeric value encountered in /Applications/XAMPP/xamppfiles/htdocs/b2b-project/teklifsiparisler-duzenle.php on line 545
[26-Dec-2024 15:14:10 Etc/GMT-3] PHP Warning:  A non-numeric value encountered in /Applications/XAMPP/xamppfiles/htdocs/b2b-project/teklifsiparisler-duzenle.php on line 532
[26-Dec-2024 15:14:10 Etc/GMT-3] PHP Warning:  A non-numeric value encountered in /Applications/XAMPP/xamppfiles/htdocs/b2b-project/teklifsiparisler-duzenle.php on line 538
[26-Dec-2024 15:14:10 Etc/GMT-3] PHP Warning:  A non-numeric value encountered in /Applications/XAMPP/xamppfiles/htdocs/b2b-project/teklifsiparisler-duzenle.php on line 545
[26-Dec-2024 15:14:10 Etc/GMT-3] PHP Warning:  A non-numeric value encountered in /Applications/XAMPP/xamppfiles/htdocs/b2b-project/teklifsiparisler-duzenle.php on line 532
[26-Dec-2024 15:14:10 Etc/GMT-3] PHP Warning:  A non-numeric value encountered in /Applications/XAMPP/xamppfiles/htdocs/b2b-project/teklifsiparisler-duzenle.php on line 538
[26-Dec-2024 15:14:10 Etc/GMT-3] PHP Warning:  A non-numeric value encountered in /Applications/XAMPP/xamppfiles/htdocs/b2b-project/teklifsiparisler-duzenle.php on line 545
[26-Dec-2024 15:14:10 Etc/GMT-3] PHP Warning:  A non-numeric value encountered in /Applications/XAMPP/xamppfiles/htdocs/b2b-project/teklifsiparisler-duzenle.php on line 532
[26-Dec-2024 15:14:10 Etc/GMT-3] PHP Warning:  A non-numeric value encountered in /Applications/XAMPP/xamppfiles/htdocs/b2b-project/teklifsiparisler-duzenle.php on line 538
[26-Dec-2024 15:14:10 Etc/GMT-3] PHP Warning:  A non-numeric value encountered in /Applications/XAMPP/xamppfiles/htdocs/b2b-project/teklifsiparisler-duzenle.php on line 545
[26-Dec-2024 15:14:10 Etc/GMT-3] PHP Warning:  A non-numeric value encountered in /Applications/XAMPP/xamppfiles/htdocs/b2b-project/teklifsiparisler-duzenle.php on line 532
[26-Dec-2024 15:14:10 Etc/GMT-3] PHP Warning:  A non-numeric value encountered in /Applications/XAMPP/xamppfiles/htdocs/b2b-project/teklifsiparisler-duzenle.php on line 538
[26-Dec-2024 15:14:10 Etc/GMT-3] PHP Warning:  A non-numeric value encountered in /Applications/XAMPP/xamppfiles/htdocs/b2b-project/teklifsiparisler-duzenle.php on line 545
[26-Dec-2024 15:14:10 Etc/GMT-3] PHP Warning:  Undefined array key "siralama" in /Applications/XAMPP/xamppfiles/htdocs/b2b-project/teklifsiparisler-duzenle.php on line 727
[26-Dec-2024 15:14:10 Etc/GMT-3] PHP Warning:  Undefined array key "siralama" in /Applications/XAMPP/xamppfiles/htdocs/b2b-project/teklifsiparisler-duzenle.php on line 727
[26-Dec-2024 15:14:10 Etc/GMT-3] PHP Warning:  Undefined array key "siralama" in /Applications/XAMPP/xamppfiles/htdocs/b2b-project/teklifsiparisler-duzenle.php on line 727
[26-Dec-2024 15:14:10 Etc/GMT-3] PHP Warning:  Undefined array key "siralama" in /Applications/XAMPP/xamppfiles/htdocs/b2b-project/teklifsiparisler-duzenle.php on line 727
[26-Dec-2024 15:14:10 Etc/GMT-3] PHP Warning:  Undefined array key "siralama" in /Applications/XAMPP/xamppfiles/htdocs/b2b-project/teklifsiparisler-duzenle.php on line 727
[26-Dec-2024 15:14:10 Etc/GMT-3] PHP Warning:  Undefined array key "siralama" in /Applications/XAMPP/xamppfiles/htdocs/b2b-project/teklifsiparisler-duzenle.php on line 727
[26-Dec-2024 15:14:10 Etc/GMT-3] PHP Warning:  Undefined array key "siralama" in /Applications/XAMPP/xamppfiles/htdocs/b2b-project/teklifsiparisler-duzenle.php on line 727
[26-Dec-2024 15:14:10 Etc/GMT-3] PHP Warning:  Undefined array key "siralama" in /Applications/XAMPP/xamppfiles/htdocs/b2b-project/teklifsiparisler-duzenle.php on line 727
[26-Dec-2024 15:14:12 Etc/GMT-3] PHP Warning:  Undefined variable $hazx2 in /Applications/XAMPP/xamppfiles/htdocs/b2b-project/teklifsiparisler-duzenle.php on line 154
[26-Dec-2024 15:14:12 Etc/GMT-3] PHP Warning:  Undefined variable $eurom in /Applications/XAMPP/xamppfiles/htdocs/b2b-project/teklifsiparisler-duzenle.php on line 405
[26-Dec-2024 15:14:12 Etc/GMT-3] PHP Warning:  Undefined variable $dolarim in /Applications/XAMPP/xamppfiles/htdocs/b2b-project/teklifsiparisler-duzenle.php on line 416
[26-Dec-2024 15:14:12 Etc/GMT-3] PHP Warning:  A non-numeric value encountered in /Applications/XAMPP/xamppfiles/htdocs/b2b-project/teklifsiparisler-duzenle.php on line 532
[26-Dec-2024 15:14:12 Etc/GMT-3] PHP Warning:  A non-numeric value encountered in /Applications/XAMPP/xamppfiles/htdocs/b2b-project/teklifsiparisler-duzenle.php on line 538
[26-Dec-2024 15:14:12 Etc/GMT-3] PHP Warning:  A non-numeric value encountered in /Applications/XAMPP/xamppfiles/htdocs/b2b-project/teklifsiparisler-duzenle.php on line 545
[26-Dec-2024 15:14:12 Etc/GMT-3] PHP Warning:  A non-numeric value encountered in /Applications/XAMPP/xamppfiles/htdocs/b2b-project/teklifsiparisler-duzenle.php on line 532
[26-Dec-2024 15:14:12 Etc/GMT-3] PHP Warning:  A non-numeric value encountered in /Applications/XAMPP/xamppfiles/htdocs/b2b-project/teklifsiparisler-duzenle.php on line 538
[26-Dec-2024 15:14:12 Etc/GMT-3] PHP Warning:  A non-numeric value encountered in /Applications/XAMPP/xamppfiles/htdocs/b2b-project/teklifsiparisler-duzenle.php on line 545
[26-Dec-2024 15:14:12 Etc/GMT-3] PHP Warning:  A non-numeric value encountered in /Applications/XAMPP/xamppfiles/htdocs/b2b-project/teklifsiparisler-duzenle.php on line 532
[26-Dec-2024 15:14:12 Etc/GMT-3] PHP Warning:  A non-numeric value encountered in /Applications/XAMPP/xamppfiles/htdocs/b2b-project/teklifsiparisler-duzenle.php on line 538
[26-Dec-2024 15:14:12 Etc/GMT-3] PHP Warning:  A non-numeric value encountered in /Applications/XAMPP/xamppfiles/htdocs/b2b-project/teklifsiparisler-duzenle.php on line 545
[26-Dec-2024 15:14:12 Etc/GMT-3] PHP Warning:  A non-numeric value encountered in /Applications/XAMPP/xamppfiles/htdocs/b2b-project/teklifsiparisler-duzenle.php on line 532
[26-Dec-2024 15:14:12 Etc/GMT-3] PHP Warning:  A non-numeric value encountered in /Applications/XAMPP/xamppfiles/htdocs/b2b-project/teklifsiparisler-duzenle.php on line 538
[26-Dec-2024 15:14:12 Etc/GMT-3] PHP Warning:  A non-numeric value encountered in /Applications/XAMPP/xamppfiles/htdocs/b2b-project/teklifsiparisler-duzenle.php on line 545
[26-Dec-2024 15:14:12 Etc/GMT-3] PHP Warning:  A non-numeric value encountered in /Applications/XAMPP/xamppfiles/htdocs/b2b-project/teklifsiparisler-duzenle.php on line 532
[26-Dec-2024 15:14:12 Etc/GMT-3] PHP Warning:  A non-numeric value encountered in /Applications/XAMPP/xamppfiles/htdocs/b2b-project/teklifsiparisler-duzenle.php on line 538
[26-Dec-2024 15:14:12 Etc/GMT-3] PHP Warning:  A non-numeric value encountered in /Applications/XAMPP/xamppfiles/htdocs/b2b-project/teklifsiparisler-duzenle.php on line 545
[26-Dec-2024 15:14:12 Etc/GMT-3] PHP Warning:  A non-numeric value encountered in /Applications/XAMPP/xamppfiles/htdocs/b2b-project/teklifsiparisler-duzenle.php on line 532
[26-Dec-2024 15:14:12 Etc/GMT-3] PHP Warning:  A non-numeric value encountered in /Applications/XAMPP/xamppfiles/htdocs/b2b-project/teklifsiparisler-duzenle.php on line 538
[26-Dec-2024 15:14:12 Etc/GMT-3] PHP Warning:  A non-numeric value encountered in /Applications/XAMPP/xamppfiles/htdocs/b2b-project/teklifsiparisler-duzenle.php on line 545
[26-Dec-2024 15:14:12 Etc/GMT-3] PHP Warning:  A non-numeric value encountered in /Applications/XAMPP/xamppfiles/htdocs/b2b-project/teklifsiparisler-duzenle.php on line 532
[26-Dec-2024 15:14:12 Etc/GMT-3] PHP Warning:  A non-numeric value encountered in /Applications/XAMPP/xamppfiles/htdocs/b2b-project/teklifsiparisler-duzenle.php on line 538
[26-Dec-2024 15:14:12 Etc/GMT-3] PHP Warning:  A non-numeric value encountered in /Applications/XAMPP/xamppfiles/htdocs/b2b-project/teklifsiparisler-duzenle.php on line 545
[26-Dec-2024 15:14:12 Etc/GMT-3] PHP Warning:  Undefined array key "siralama" in /Applications/XAMPP/xamppfiles/htdocs/b2b-project/teklifsiparisler-duzenle.php on line 727
[26-Dec-2024 15:14:12 Etc/GMT-3] PHP Warning:  Undefined array key "siralama" in /Applications/XAMPP/xamppfiles/htdocs/b2b-project/teklifsiparisler-duzenle.php on line 727
[26-Dec-2024 15:14:12 Etc/GMT-3] PHP Warning:  Undefined array key "siralama" in /Applications/XAMPP/xamppfiles/htdocs/b2b-project/teklifsiparisler-duzenle.php on line 727
[26-Dec-2024 15:14:12 Etc/GMT-3] PHP Warning:  Undefined array key "siralama" in /Applications/XAMPP/xamppfiles/htdocs/b2b-project/teklifsiparisler-duzenle.php on line 727
[26-Dec-2024 15:14:12 Etc/GMT-3] PHP Warning:  Undefined array key "siralama" in /Applications/XAMPP/xamppfiles/htdocs/b2b-project/teklifsiparisler-duzenle.php on line 727
[26-Dec-2024 15:14:12 Etc/GMT-3] PHP Warning:  Undefined array key "siralama" in /Applications/XAMPP/xamppfiles/htdocs/b2b-project/teklifsiparisler-duzenle.php on line 727
[26-Dec-2024 15:14:12 Etc/GMT-3] PHP Warning:  Undefined array key "siralama" in /Applications/XAMPP/xamppfiles/htdocs/b2b-project/teklifsiparisler-duzenle.php on line 727
[26-Dec-2024 15:14:12 Etc/GMT-3] PHP Warning:  Undefined array key "siralama" in /Applications/XAMPP/xamppfiles/htdocs/b2b-project/teklifsiparisler-duzenle.php on line 727
[26-Dec-2024 15:14:15 Etc/GMT-3] PHP Warning:  Undefined variable $hazx2 in /Applications/XAMPP/xamppfiles/htdocs/b2b-project/teklifsiparisler-duzenle.php on line 154
[26-Dec-2024 15:14:15 Etc/GMT-3] PHP Warning:  Undefined variable $eurom in /Applications/XAMPP/xamppfiles/htdocs/b2b-project/teklifsiparisler-duzenle.php on line 405
[26-Dec-2024 15:14:15 Etc/GMT-3] PHP Warning:  Undefined variable $dolarim in /Applications/XAMPP/xamppfiles/htdocs/b2b-project/teklifsiparisler-duzenle.php on line 416
[26-Dec-2024 15:14:15 Etc/GMT-3] PHP Warning:  A non-numeric value encountered in /Applications/XAMPP/xamppfiles/htdocs/b2b-project/teklifsiparisler-duzenle.php on line 532
[26-Dec-2024 15:14:15 Etc/GMT-3] PHP Warning:  A non-numeric value encountered in /Applications/XAMPP/xamppfiles/htdocs/b2b-project/teklifsiparisler-duzenle.php on line 538
[26-Dec-2024 15:14:15 Etc/GMT-3] PHP Warning:  A non-numeric value encountered in /Applications/XAMPP/xamppfiles/htdocs/b2b-project/teklifsiparisler-duzenle.php on line 545
[26-Dec-2024 15:14:15 Etc/GMT-3] PHP Warning:  A non-numeric value encountered in /Applications/XAMPP/xamppfiles/htdocs/b2b-project/teklifsiparisler-duzenle.php on line 532
[26-Dec-2024 15:14:15 Etc/GMT-3] PHP Warning:  A non-numeric value encountered in /Applications/XAMPP/xamppfiles/htdocs/b2b-project/teklifsiparisler-duzenle.php on line 538
[26-Dec-2024 15:14:15 Etc/GMT-3] PHP Warning:  A non-numeric value encountered in /Applications/XAMPP/xamppfiles/htdocs/b2b-project/teklifsiparisler-duzenle.php on line 545
[26-Dec-2024 15:14:15 Etc/GMT-3] PHP Warning:  A non-numeric value encountered in /Applications/XAMPP/xamppfiles/htdocs/b2b-project/teklifsiparisler-duzenle.php on line 532
[26-Dec-2024 15:14:15 Etc/GMT-3] PHP Warning:  A non-numeric value encountered in /Applications/XAMPP/xamppfiles/htdocs/b2b-project/teklifsiparisler-duzenle.php on line 538
[26-Dec-2024 15:14:15 Etc/GMT-3] PHP Warning:  A non-numeric value encountered in /Applications/XAMPP/xamppfiles/htdocs/b2b-project/teklifsiparisler-duzenle.php on line 545
[26-Dec-2024 15:14:15 Etc/GMT-3] PHP Warning:  A non-numeric value encountered in /Applications/XAMPP/xamppfiles/htdocs/b2b-project/teklifsiparisler-duzenle.php on line 532
[26-Dec-2024 15:14:15 Etc/GMT-3] PHP Warning:  A non-numeric value encountered in /Applications/XAMPP/xamppfiles/htdocs/b2b-project/teklifsiparisler-duzenle.php on line 538
[26-Dec-2024 15:14:15 Etc/GMT-3] PHP Warning:  A non-numeric value encountered in /Applications/XAMPP/xamppfiles/htdocs/b2b-project/teklifsiparisler-duzenle.php on line 545
[26-Dec-2024 15:14:15 Etc/GMT-3] PHP Warning:  A non-numeric value encountered in /Applications/XAMPP/xamppfiles/htdocs/b2b-project/teklifsiparisler-duzenle.php on line 532
[26-Dec-2024 15:14:15 Etc/GMT-3] PHP Warning:  A non-numeric value encountered in /Applications/XAMPP/xamppfiles/htdocs/b2b-project/teklifsiparisler-duzenle.php on line 538
[26-Dec-2024 15:14:15 Etc/GMT-3] PHP Warning:  A non-numeric value encountered in /Applications/XAMPP/xamppfiles/htdocs/b2b-project/teklifsiparisler-duzenle.php on line 545
[26-Dec-2024 15:14:15 Etc/GMT-3] PHP Warning:  A non-numeric value encountered in /Applications/XAMPP/xamppfiles/htdocs/b2b-project/teklifsiparisler-duzenle.php on line 532
[26-Dec-2024 15:14:15 Etc/GMT-3] PHP Warning:  A non-numeric value encountered in /Applications/XAMPP/xamppfiles/htdocs/b2b-project/teklifsiparisler-duzenle.php on line 538
[26-Dec-2024 15:14:15 Etc/GMT-3] PHP Warning:  A non-numeric value encountered in /Applications/XAMPP/xamppfiles/htdocs/b2b-project/teklifsiparisler-duzenle.php on line 545
[26-Dec-2024 15:14:15 Etc/GMT-3] PHP Warning:  A non-numeric value encountered in /Applications/XAMPP/xamppfiles/htdocs/b2b-project/teklifsiparisler-duzenle.php on line 532
[26-Dec-2024 15:14:15 Etc/GMT-3] PHP Warning:  A non-numeric value encountered in /Applications/XAMPP/xamppfiles/htdocs/b2b-project/teklifsiparisler-duzenle.php on line 538
[26-Dec-2024 15:14:15 Etc/GMT-3] PHP Warning:  A non-numeric value encountered in /Applications/XAMPP/xamppfiles/htdocs/b2b-project/teklifsiparisler-duzenle.php on line 545
[26-Dec-2024 15:14:15 Etc/GMT-3] PHP Warning:  Undefined array key "siralama" in /Applications/XAMPP/xamppfiles/htdocs/b2b-project/teklifsiparisler-duzenle.php on line 727
[26-Dec-2024 15:14:15 Etc/GMT-3] PHP Warning:  Undefined array key "siralama" in /Applications/XAMPP/xamppfiles/htdocs/b2b-project/teklifsiparisler-duzenle.php on line 727
[26-Dec-2024 15:14:15 Etc/GMT-3] PHP Warning:  Undefined array key "siralama" in /Applications/XAMPP/xamppfiles/htdocs/b2b-project/teklifsiparisler-duzenle.php on line 727
[26-Dec-2024 15:14:15 Etc/GMT-3] PHP Warning:  Undefined array key "siralama" in /Applications/XAMPP/xamppfiles/htdocs/b2b-project/teklifsiparisler-duzenle.php on line 727
[26-Dec-2024 15:14:15 Etc/GMT-3] PHP Warning:  Undefined array key "siralama" in /Applications/XAMPP/xamppfiles/htdocs/b2b-project/teklifsiparisler-duzenle.php on line 727
[26-Dec-2024 15:14:15 Etc/GMT-3] PHP Warning:  Undefined array key "siralama" in /Applications/XAMPP/xamppfiles/htdocs/b2b-project/teklifsiparisler-duzenle.php on line 727
[26-Dec-2024 15:14:15 Etc/GMT-3] PHP Warning:  Undefined array key "siralama" in /Applications/XAMPP/xamppfiles/htdocs/b2b-project/teklifsiparisler-duzenle.php on line 727
[26-Dec-2024 15:14:15 Etc/GMT-3] PHP Warning:  Undefined array key "siralama" in /Applications/XAMPP/xamppfiles/htdocs/b2b-project/teklifsiparisler-duzenle.php on line 727
[26-Dec-2024 15:14:15 Etc/GMT-3] PHP Warning:  Undefined variable $hazx2 in /Applications/XAMPP/xamppfiles/htdocs/b2b-project/teklifsiparisler-duzenle.php on line 154
[26-Dec-2024 15:14:15 Etc/GMT-3] PHP Warning:  Undefined variable $eurom in /Applications/XAMPP/xamppfiles/htdocs/b2b-project/teklifsiparisler-duzenle.php on line 405
[26-Dec-2024 15:14:15 Etc/GMT-3] PHP Warning:  Undefined variable $dolarim in /Applications/XAMPP/xamppfiles/htdocs/b2b-project/teklifsiparisler-duzenle.php on line 416
[26-Dec-2024 15:14:15 Etc/GMT-3] PHP Warning:  A non-numeric value encountered in /Applications/XAMPP/xamppfiles/htdocs/b2b-project/teklifsiparisler-duzenle.php on line 532
[26-Dec-2024 15:14:15 Etc/GMT-3] PHP Warning:  A non-numeric value encountered in /Applications/XAMPP/xamppfiles/htdocs/b2b-project/teklifsiparisler-duzenle.php on line 538
[26-Dec-2024 15:14:15 Etc/GMT-3] PHP Warning:  A non-numeric value encountered in /Applications/XAMPP/xamppfiles/htdocs/b2b-project/teklifsiparisler-duzenle.php on line 545
[26-Dec-2024 15:14:15 Etc/GMT-3] PHP Warning:  A non-numeric value encountered in /Applications/XAMPP/xamppfiles/htdocs/b2b-project/teklifsiparisler-duzenle.php on line 532
[26-Dec-2024 15:14:15 Etc/GMT-3] PHP Warning:  A non-numeric value encountered in /Applications/XAMPP/xamppfiles/htdocs/b2b-project/teklifsiparisler-duzenle.php on line 538
[26-Dec-2024 15:14:15 Etc/GMT-3] PHP Warning:  A non-numeric value encountered in /Applications/XAMPP/xamppfiles/htdocs/b2b-project/teklifsiparisler-duzenle.php on line 545
[26-Dec-2024 15:14:15 Etc/GMT-3] PHP Warning:  A non-numeric value encountered in /Applications/XAMPP/xamppfiles/htdocs/b2b-project/teklifsiparisler-duzenle.php on line 532
[26-Dec-2024 15:14:15 Etc/GMT-3] PHP Warning:  A non-numeric value encountered in /Applications/XAMPP/xamppfiles/htdocs/b2b-project/teklifsiparisler-duzenle.php on line 538
[26-Dec-2024 15:14:15 Etc/GMT-3] PHP Warning:  A non-numeric value encountered in /Applications/XAMPP/xamppfiles/htdocs/b2b-project/teklifsiparisler-duzenle.php on line 545
[26-Dec-2024 15:14:15 Etc/GMT-3] PHP Warning:  A non-numeric value encountered in /Applications/XAMPP/xamppfiles/htdocs/b2b-project/teklifsiparisler-duzenle.php on line 532
[26-Dec-2024 15:14:15 Etc/GMT-3] PHP Warning:  A non-numeric value encountered in /Applications/XAMPP/xamppfiles/htdocs/b2b-project/teklifsiparisler-duzenle.php on line 538
[26-Dec-2024 15:14:15 Etc/GMT-3] PHP Warning:  A non-numeric value encountered in /Applications/XAMPP/xamppfiles/htdocs/b2b-project/teklifsiparisler-duzenle.php on line 545
[26-Dec-2024 15:14:15 Etc/GMT-3] PHP Warning:  A non-numeric value encountered in /Applications/XAMPP/xamppfiles/htdocs/b2b-project/teklifsiparisler-duzenle.php on line 532
[26-Dec-2024 15:14:15 Etc/GMT-3] PHP Warning:  A non-numeric value encountered in /Applications/XAMPP/xamppfiles/htdocs/b2b-project/teklifsiparisler-duzenle.php on line 538
[26-Dec-2024 15:14:15 Etc/GMT-3] PHP Warning:  A non-numeric value encountered in /Applications/XAMPP/xamppfiles/htdocs/b2b-project/teklifsiparisler-duzenle.php on line 545
[26-Dec-2024 15:14:15 Etc/GMT-3] PHP Warning:  Undefined array key "siralama" in /Applications/XAMPP/xamppfiles/htdocs/b2b-project/teklifsiparisler-duzenle.php on line 727
[26-Dec-2024 15:14:15 Etc/GMT-3] PHP Warning:  Undefined array key "siralama" in /Applications/XAMPP/xamppfiles/htdocs/b2b-project/teklifsiparisler-duzenle.php on line 727
[26-Dec-2024 15:14:15 Etc/GMT-3] PHP Warning:  Undefined array key "siralama" in /Applications/XAMPP/xamppfiles/htdocs/b2b-project/teklifsiparisler-duzenle.php on line 727
[26-Dec-2024 15:14:15 Etc/GMT-3] PHP Warning:  Undefined array key "siralama" in /Applications/XAMPP/xamppfiles/htdocs/b2b-project/teklifsiparisler-duzenle.php on line 727
[26-Dec-2024 15:14:15 Etc/GMT-3] PHP Warning:  Undefined array key "siralama" in /Applications/XAMPP/xamppfiles/htdocs/b2b-project/teklifsiparisler-duzenle.php on line 727
[26-Dec-2024 15:14:15 Etc/GMT-3] PHP Warning:  Undefined array key "siralama" in /Applications/XAMPP/xamppfiles/htdocs/b2b-project/teklifsiparisler-duzenle.php on line 727
[26-Dec-2024 15:14:15 Etc/GMT-3] PHP Warning:  Undefined array key "siralama" in /Applications/XAMPP/xamppfiles/htdocs/b2b-project/teklifsiparisler-duzenle.php on line 727
[26-Dec-2024 15:14:15 Etc/GMT-3] PHP Warning:  Undefined array key "siralama" in /Applications/XAMPP/xamppfiles/htdocs/b2b-project/teklifsiparisler-duzenle.php on line 727
[26-Dec-2024 15:14:18 Etc/GMT-3] PHP Warning:  Undefined variable $hazx2 in /Applications/XAMPP/xamppfiles/htdocs/b2b-project/teklifsiparisler-duzenle.php on line 154
[26-Dec-2024 15:14:18 Etc/GMT-3] PHP Warning:  Undefined variable $eurom in /Applications/XAMPP/xamppfiles/htdocs/b2b-project/teklifsiparisler-duzenle.php on line 405
[26-Dec-2024 15:14:18 Etc/GMT-3] PHP Warning:  Undefined variable $dolarim in /Applications/XAMPP/xamppfiles/htdocs/b2b-project/teklifsiparisler-duzenle.php on line 416
[26-Dec-2024 15:14:18 Etc/GMT-3] PHP Warning:  A non-numeric value encountered in /Applications/XAMPP/xamppfiles/htdocs/b2b-project/teklifsiparisler-duzenle.php on line 532
[26-Dec-2024 15:14:18 Etc/GMT-3] PHP Warning:  A non-numeric value encountered in /Applications/XAMPP/xamppfiles/htdocs/b2b-project/teklifsiparisler-duzenle.php on line 538
[26-Dec-2024 15:14:18 Etc/GMT-3] PHP Warning:  A non-numeric value encountered in /Applications/XAMPP/xamppfiles/htdocs/b2b-project/teklifsiparisler-duzenle.php on line 545
[26-Dec-2024 15:14:18 Etc/GMT-3] PHP Warning:  A non-numeric value encountered in /Applications/XAMPP/xamppfiles/htdocs/b2b-project/teklifsiparisler-duzenle.php on line 532
[26-Dec-2024 15:14:18 Etc/GMT-3] PHP Warning:  A non-numeric value encountered in /Applications/XAMPP/xamppfiles/htdocs/b2b-project/teklifsiparisler-duzenle.php on line 538
[26-Dec-2024 15:14:18 Etc/GMT-3] PHP Warning:  A non-numeric value encountered in /Applications/XAMPP/xamppfiles/htdocs/b2b-project/teklifsiparisler-duzenle.php on line 545
[26-Dec-2024 15:14:18 Etc/GMT-3] PHP Warning:  A non-numeric value encountered in /Applications/XAMPP/xamppfiles/htdocs/b2b-project/teklifsiparisler-duzenle.php on line 532
[26-Dec-2024 15:14:18 Etc/GMT-3] PHP Warning:  A non-numeric value encountered in /Applications/XAMPP/xamppfiles/htdocs/b2b-project/teklifsiparisler-duzenle.php on line 538
[26-Dec-2024 15:14:18 Etc/GMT-3] PHP Warning:  A non-numeric value encountered in /Applications/XAMPP/xamppfiles/htdocs/b2b-project/teklifsiparisler-duzenle.php on line 545
[26-Dec-2024 15:14:18 Etc/GMT-3] PHP Warning:  A non-numeric value encountered in /Applications/XAMPP/xamppfiles/htdocs/b2b-project/teklifsiparisler-duzenle.php on line 532
[26-Dec-2024 15:14:18 Etc/GMT-3] PHP Warning:  A non-numeric value encountered in /Applications/XAMPP/xamppfiles/htdocs/b2b-project/teklifsiparisler-duzenle.php on line 538
[26-Dec-2024 15:14:18 Etc/GMT-3] PHP Warning:  A non-numeric value encountered in /Applications/XAMPP/xamppfiles/htdocs/b2b-project/teklifsiparisler-duzenle.php on line 545
[26-Dec-2024 15:14:18 Etc/GMT-3] PHP Warning:  A non-numeric value encountered in /Applications/XAMPP/xamppfiles/htdocs/b2b-project/teklifsiparisler-duzenle.php on line 532
[26-Dec-2024 15:14:18 Etc/GMT-3] PHP Warning:  A non-numeric value encountered in /Applications/XAMPP/xamppfiles/htdocs/b2b-project/teklifsiparisler-duzenle.php on line 538
[26-Dec-2024 15:14:18 Etc/GMT-3] PHP Warning:  A non-numeric value encountered in /Applications/XAMPP/xamppfiles/htdocs/b2b-project/teklifsiparisler-duzenle.php on line 545
[26-Dec-2024 15:14:18 Etc/GMT-3] PHP Warning:  Undefined array key "siralama" in /Applications/XAMPP/xamppfiles/htdocs/b2b-project/teklifsiparisler-duzenle.php on line 727
[26-Dec-2024 15:14:18 Etc/GMT-3] PHP Warning:  Undefined array key "siralama" in /Applications/XAMPP/xamppfiles/htdocs/b2b-project/teklifsiparisler-duzenle.php on line 727
[26-Dec-2024 15:14:18 Etc/GMT-3] PHP Warning:  Undefined array key "siralama" in /Applications/XAMPP/xamppfiles/htdocs/b2b-project/teklifsiparisler-duzenle.php on line 727
[26-Dec-2024 15:14:18 Etc/GMT-3] PHP Warning:  Undefined array key "siralama" in /Applications/XAMPP/xamppfiles/htdocs/b2b-project/teklifsiparisler-duzenle.php on line 727
[26-Dec-2024 15:14:18 Etc/GMT-3] PHP Warning:  Undefined array key "siralama" in /Applications/XAMPP/xamppfiles/htdocs/b2b-project/teklifsiparisler-duzenle.php on line 727
[26-Dec-2024 15:14:18 Etc/GMT-3] PHP Warning:  Undefined array key "siralama" in /Applications/XAMPP/xamppfiles/htdocs/b2b-project/teklifsiparisler-duzenle.php on line 727
[26-Dec-2024 15:14:18 Etc/GMT-3] PHP Warning:  Undefined array key "siralama" in /Applications/XAMPP/xamppfiles/htdocs/b2b-project/teklifsiparisler-duzenle.php on line 727
[26-Dec-2024 15:14:18 Etc/GMT-3] PHP Warning:  Undefined array key "siralama" in /Applications/XAMPP/xamppfiles/htdocs/b2b-project/teklifsiparisler-duzenle.php on line 727
[26-Dec-2024 15:14:18 Etc/GMT-3] PHP Warning:  Undefined variable $hazx2 in /Applications/XAMPP/xamppfiles/htdocs/b2b-project/teklifsiparisler-duzenle.php on line 154
[26-Dec-2024 15:14:18 Etc/GMT-3] PHP Warning:  Undefined variable $eurom in /Applications/XAMPP/xamppfiles/htdocs/b2b-project/teklifsiparisler-duzenle.php on line 405
[26-Dec-2024 15:14:18 Etc/GMT-3] PHP Warning:  Undefined variable $dolarim in /Applications/XAMPP/xamppfiles/htdocs/b2b-project/teklifsiparisler-duzenle.php on line 416
[26-Dec-2024 15:14:18 Etc/GMT-3] PHP Warning:  A non-numeric value encountered in /Applications/XAMPP/xamppfiles/htdocs/b2b-project/teklifsiparisler-duzenle.php on line 532
[26-Dec-2024 15:14:18 Etc/GMT-3] PHP Warning:  A non-numeric value encountered in /Applications/XAMPP/xamppfiles/htdocs/b2b-project/teklifsiparisler-duzenle.php on line 538
[26-Dec-2024 15:14:18 Etc/GMT-3] PHP Warning:  A non-numeric value encountered in /Applications/XAMPP/xamppfiles/htdocs/b2b-project/teklifsiparisler-duzenle.php on line 545
[26-Dec-2024 15:14:18 Etc/GMT-3] PHP Warning:  A non-numeric value encountered in /Applications/XAMPP/xamppfiles/htdocs/b2b-project/teklifsiparisler-duzenle.php on line 532
[26-Dec-2024 15:14:18 Etc/GMT-3] PHP Warning:  A non-numeric value encountered in /Applications/XAMPP/xamppfiles/htdocs/b2b-project/teklifsiparisler-duzenle.php on line 538
[26-Dec-2024 15:14:18 Etc/GMT-3] PHP Warning:  A non-numeric value encountered in /Applications/XAMPP/xamppfiles/htdocs/b2b-project/teklifsiparisler-duzenle.php on line 545
[26-Dec-2024 15:14:18 Etc/GMT-3] PHP Warning:  A non-numeric value encountered in /Applications/XAMPP/xamppfiles/htdocs/b2b-project/teklifsiparisler-duzenle.php on line 532
[26-Dec-2024 15:14:18 Etc/GMT-3] PHP Warning:  A non-numeric value encountered in /Applications/XAMPP/xamppfiles/htdocs/b2b-project/teklifsiparisler-duzenle.php on line 538
[26-Dec-2024 15:14:18 Etc/GMT-3] PHP Warning:  A non-numeric value encountered in /Applications/XAMPP/xamppfiles/htdocs/b2b-project/teklifsiparisler-duzenle.php on line 545
[26-Dec-2024 15:14:18 Etc/GMT-3] PHP Warning:  A non-numeric value encountered in /Applications/XAMPP/xamppfiles/htdocs/b2b-project/teklifsiparisler-duzenle.php on line 532
[26-Dec-2024 15:14:18 Etc/GMT-3] PHP Warning:  A non-numeric value encountered in /Applications/XAMPP/xamppfiles/htdocs/b2b-project/teklifsiparisler-duzenle.php on line 538
[26-Dec-2024 15:14:18 Etc/GMT-3] PHP Warning:  A non-numeric value encountered in /Applications/XAMPP/xamppfiles/htdocs/b2b-project/teklifsiparisler-duzenle.php on line 545
[26-Dec-2024 15:14:18 Etc/GMT-3] PHP Warning:  A non-numeric value encountered in /Applications/XAMPP/xamppfiles/htdocs/b2b-project/teklifsiparisler-duzenle.php on line 532
[26-Dec-2024 15:14:18 Etc/GMT-3] PHP Warning:  A non-numeric value encountered in /Applications/XAMPP/xamppfiles/htdocs/b2b-project/teklifsiparisler-duzenle.php on line 538
[26-Dec-2024 15:14:18 Etc/GMT-3] PHP Warning:  A non-numeric value encountered in /Applications/XAMPP/xamppfiles/htdocs/b2b-project/teklifsiparisler-duzenle.php on line 545
[26-Dec-2024 15:14:18 Etc/GMT-3] PHP Warning:  Undefined array key "siralama" in /Applications/XAMPP/xamppfiles/htdocs/b2b-project/teklifsiparisler-duzenle.php on line 727
[26-Dec-2024 15:14:18 Etc/GMT-3] PHP Warning:  Undefined array key "siralama" in /Applications/XAMPP/xamppfiles/htdocs/b2b-project/teklifsiparisler-duzenle.php on line 727
[26-Dec-2024 15:14:18 Etc/GMT-3] PHP Warning:  Undefined array key "siralama" in /Applications/XAMPP/xamppfiles/htdocs/b2b-project/teklifsiparisler-duzenle.php on line 727
[26-Dec-2024 15:14:18 Etc/GMT-3] PHP Warning:  Undefined array key "siralama" in /Applications/XAMPP/xamppfiles/htdocs/b2b-project/teklifsiparisler-duzenle.php on line 727
[26-Dec-2024 15:14:18 Etc/GMT-3] PHP Warning:  Undefined array key "siralama" in /Applications/XAMPP/xamppfiles/htdocs/b2b-project/teklifsiparisler-duzenle.php on line 727
[26-Dec-2024 15:14:18 Etc/GMT-3] PHP Warning:  Undefined array key "siralama" in /Applications/XAMPP/xamppfiles/htdocs/b2b-project/teklifsiparisler-duzenle.php on line 727
[26-Dec-2024 15:14:18 Etc/GMT-3] PHP Warning:  Undefined array key "siralama" in /Applications/XAMPP/xamppfiles/htdocs/b2b-project/teklifsiparisler-duzenle.php on line 727
[26-Dec-2024 15:14:18 Etc/GMT-3] PHP Warning:  Undefined array key "siralama" in /Applications/XAMPP/xamppfiles/htdocs/b2b-project/teklifsiparisler-duzenle.php on line 727
[26-Dec-2024 15:16:48 Etc/GMT-3] PHP Warning:  Undefined variable $hazx2 in /Applications/XAMPP/xamppfiles/htdocs/b2b-project/teklifsiparisler-duzenle.php on line 154
[26-Dec-2024 15:16:48 Etc/GMT-3] PHP Warning:  Trying to access array offset on value of type null in /Applications/XAMPP/xamppfiles/htdocs/b2b-project/teklifsiparisler-duzenle.php on line 199
[26-Dec-2024 15:16:48 Etc/GMT-3] PHP Warning:  Trying to access array offset on value of type null in /Applications/XAMPP/xamppfiles/htdocs/b2b-project/teklifsiparisler-duzenle.php on line 224
[26-Dec-2024 15:16:48 Etc/GMT-3] PHP Warning:  A non-numeric value encountered in /Applications/XAMPP/xamppfiles/htdocs/b2b-project/teklifsiparisler-duzenle.php on line 295
[26-Dec-2024 15:16:48 Etc/GMT-3] PHP Warning:  A non-numeric value encountered in /Applications/XAMPP/xamppfiles/htdocs/b2b-project/teklifsiparisler-duzenle.php on line 295
[26-Dec-2024 15:16:48 Etc/GMT-3] PHP Warning:  A non-numeric value encountered in /Applications/XAMPP/xamppfiles/htdocs/b2b-project/teklifsiparisler-duzenle.php on line 532
[26-Dec-2024 15:16:48 Etc/GMT-3] PHP Warning:  A non-numeric value encountered in /Applications/XAMPP/xamppfiles/htdocs/b2b-project/teklifsiparisler-duzenle.php on line 538
[26-Dec-2024 15:16:48 Etc/GMT-3] PHP Warning:  A non-numeric value encountered in /Applications/XAMPP/xamppfiles/htdocs/b2b-project/teklifsiparisler-duzenle.php on line 545
[26-Dec-2024 15:16:48 Etc/GMT-3] PHP Warning:  A non-numeric value encountered in /Applications/XAMPP/xamppfiles/htdocs/b2b-project/teklifsiparisler-duzenle.php on line 532
[26-Dec-2024 15:16:48 Etc/GMT-3] PHP Warning:  A non-numeric value encountered in /Applications/XAMPP/xamppfiles/htdocs/b2b-project/teklifsiparisler-duzenle.php on line 538
[26-Dec-2024 15:16:48 Etc/GMT-3] PHP Warning:  A non-numeric value encountered in /Applications/XAMPP/xamppfiles/htdocs/b2b-project/teklifsiparisler-duzenle.php on line 545
[26-Dec-2024 15:16:48 Etc/GMT-3] PHP Warning:  Undefined array key "siralama" in /Applications/XAMPP/xamppfiles/htdocs/b2b-project/teklifsiparisler-duzenle.php on line 727
[26-Dec-2024 15:16:48 Etc/GMT-3] PHP Warning:  Undefined array key "siralama" in /Applications/XAMPP/xamppfiles/htdocs/b2b-project/teklifsiparisler-duzenle.php on line 727
[26-Dec-2024 15:16:48 Etc/GMT-3] PHP Warning:  Undefined array key "siralama" in /Applications/XAMPP/xamppfiles/htdocs/b2b-project/teklifsiparisler-duzenle.php on line 727
[26-Dec-2024 15:16:48 Etc/GMT-3] PHP Warning:  Undefined array key "siralama" in /Applications/XAMPP/xamppfiles/htdocs/b2b-project/teklifsiparisler-duzenle.php on line 727
[26-Dec-2024 15:16:48 Etc/GMT-3] PHP Warning:  Undefined array key "siralama" in /Applications/XAMPP/xamppfiles/htdocs/b2b-project/teklifsiparisler-duzenle.php on line 727
[26-Dec-2024 15:16:48 Etc/GMT-3] PHP Warning:  Undefined array key "siralama" in /Applications/XAMPP/xamppfiles/htdocs/b2b-project/teklifsiparisler-duzenle.php on line 727
[26-Dec-2024 15:16:48 Etc/GMT-3] PHP Warning:  Undefined array key "siralama" in /Applications/XAMPP/xamppfiles/htdocs/b2b-project/teklifsiparisler-duzenle.php on line 727
[26-Dec-2024 15:16:48 Etc/GMT-3] PHP Warning:  Undefined array key "siralama" in /Applications/XAMPP/xamppfiles/htdocs/b2b-project/teklifsiparisler-duzenle.php on line 727
