2026-01-19 08:15:36 - Request Data: {"yonetici_tel":"905525287286","cari":"ERTEK YAPI VE MAK.END.EK\u0130PMANLARI SAN.T\u0130C.LTD.\u015eT\u0130.","toplam":"916090.56","teklif_id":43,"temsilci":"gemas_admin","urunler":[{"ad":"0111STRN-300T 3 HP Trifaze \u00c7evirme Kapak","adet":100,"fiyat":14960}]}
2026-01-19 08:15:38 - Response Code: 200, Error: , Response: {"status":"success","message":"No changes made (ID might be same or Offer not found)"}
2026-01-21 06:51:22 - Request Data: {"yonetici_tel":"905525287286","cari":"ERTEK YAPI VE MAK.END.EK\u0130PMANLARI SAN.T\u0130C.LTD.\u015eT\u0130.","toplam":"16568.06","teklif_id":48,"temsilci":"gemas_admin","urunler":[{"ad":"0111STRN-300T 3 HP Trifaze \u00c7evirme Kapak","adet":1,"fiyat":136},{"ad":"0111STRN-200T 2 HP Trifaze \u00c7evirme Kapak","adet":1,"fiyat":136}]}
2026-01-21 06:51:24 - Response Code: 200, Error: , Response: {"status":"success","message":"No changes made (ID might be same or Offer not found)"}
2026-01-21 08:40:38 - Request Data: {"yonetici_tel":"905525287286","cari":"KONSTURUKTOR TEST ","toplam":"16701.89","teklif_id":49,"temsilci":"gemas_admin","urunler":[{"ad":"0111STRN-300T 3 HP Trifaze \u00c7evirme Kapak","adet":1,"fiyat":272}]}
2026-01-21 08:40:40 - Response Code: 200, Error: , Response: {"status":"success","message":"No changes made (ID might be same or Offer not found)"}
2026-01-21 08:42:51 - Request Data: {"yonetici_tel":"905525287286","cari":"ONUR \u0130N\u015eAAT HIRDAVAT BOYA VE MONTALAMA MALZEMELER\u0130 - ONUR KILIN\u00c7ARSLAN","toplam":"16701.89","teklif_id":50,"temsilci":"gemas_admin","urunler":[{"ad":"0111STRN-300T 3 HP Trifaze \u00c7evirme Kapak","adet":1,"fiyat":272}]}
2026-01-21 08:42:52 - Response Code: 200, Error: , Response: {"status":"success","message":"No changes made (ID might be same or Offer not found)"}
2026-01-21 08:44:25 - Request Data: {"yonetici_tel":"905525287286","cari":"KO\u00c7Y\u0130\u011e\u0130TLER BOB\u0130NAJ SAN.VE T\u0130C.LTD.\u015eT\u0130.","toplam":"16701.89","teklif_id":51,"temsilci":"gemas_admin","urunler":[{"ad":"0111STRN-300T 3 HP Trifaze \u00c7evirme Kapak","adet":1,"fiyat":272}]}
2026-01-21 08:44:26 - Response Code: 200, Error: , Response: {"status":"success","message":"No changes made (ID might be same or Offer not found)"}
2026-01-21 08:47:53 - Request Data: {"yonetici_tel":"905525287286","cari":"12.HAVA ULASTIRMA \u00dcST KOMUTANLI\u011eI KANT\u0130N BA\u015eKANLI\u011e","toplam":"16701.89","teklif_id":52,"temsilci":"gemas_admin","urunler":[{"ad":"0111STRN-300T 3 HP Trifaze \u00c7evirme Kapak","adet":1,"fiyat":272}]}
2026-01-21 08:47:54 - Response Code: 200, Error: , Response: {"status":"success","message":"No changes made (ID might be same or Offer not found)"}
2026-01-21 08:49:22 - Request Data: {"yonetici_tel":"905525287286","cari":"12.HAVA ULASTIRMA \u00dcST KOMUTANLI\u011eI KANT\u0130N BA\u015eKANLI\u011e","toplam":"16701.89","teklif_id":53,"temsilci":"gemas_admin","urunler":[{"ad":"0111STRN-300T 3 HP Trifaze \u00c7evirme Kapak","adet":1,"fiyat":272}]}
2026-01-21 08:49:23 - Response Code: 404, Error: , Response: {"code":404,"message":"The requested webhook \"POST teklifOnay\" is not registered.","hint":"The workflow must be active for a production URL to run successfully. You can activate the workflow using the toggle in the top-right of the editor. Note that unlike test URL calls, production URL calls aren't shown on the canvas (only in the executions list)"}
2026-01-21 08:51:13 - Request Data: {"yonetici_tel":"905525287286","cari":"12.HAVA ULASTIRMA \u00dcST KOMUTANLI\u011eI KANT\u0130N BA\u015eKANLI\u011e","toplam":"16701.89","teklif_id":54,"temsilci":"gemas_admin","urunler":[{"ad":"0111STRN-300T 3 HP Trifaze \u00c7evirme Kapak","adet":1,"fiyat":272}]}
2026-01-21 08:51:15 - Response Code: 200, Error: , Response: {"status":"success","message":"No changes made (ID might be same or Offer not found)"}
2026-01-22 06:59:34 - Request Data: {"yonetici_tel":"905525287286","cari":"","toplam":"33403.78","teklif_id":57,"temsilci":"gemas_admin","urunler":[{"ad":"0111STRN-300T 3 HP Trifaze \u00c7evirme Kapak","adet":1,"fiyat":272},{"ad":"0111STRN-200T 2 HP Trifaze \u00c7evirme Kapak","adet":1,"fiyat":272}]}
2026-01-22 06:59:36 - Response Code: 200, Error: , Response: {"status":"success","message":"Message ID saved successfully"}
[2026-01-27 15:50:15] Request Data: {"yonetici_tel":"905525287286","cari":"","toplam":"27643.20","teklif_id":77,"temsilci":"gemas_admin","urunler":[{"ad":"0111STRN-100M 1 HP Monofaze \u00c7evirme Kapak","adet":1,"fiyat":171},{"ad":"0111STRN-200T 2 HP Trifaze \u00c7evirme Kapak","adet":1,"fiyat":272}]}
[2026-01-27 15:50:17] Webhook Response - HTTP Code: 200, cURL Error: 0, Error Message: 
[2026-01-27 15:50:17] Webhook Response Body: {"status":"success","message":"No changes made (ID might be same or Offer not found)"}
