2025-12-12 15:49:45 Request: Array
(
    [key_id] => 
    [action] => approve
    [token] => gemas_secret_n8n_token_2025
    [manager_phone] => 905525287286@s.whatsapp.net
)

2025-12-13 21:06:47 Request: Array
(
    [key_id] => 
    [action] => approve
    [token] => gemas_secret_n8n_token_2025
    [manager_phone] => 905525287286@s.whatsapp.net
)

2025-12-13 21:07:01 Request: Array
(
    [key_id] => 
    [action] => approve
    [token] => gemas_secret_n8n_token_2025
    [manager_phone] => 905525287286@s.whatsapp.net
)

2025-12-13 21:07:59 Request: Array
(
    [key_id] => 
    [action] => approve
    [token] => gemas_secret_n8n_token_2025
    [manager_phone] => 905525287286@s.whatsapp.net
)

2025-12-13 21:09:52 Request: Array
(
    [key_id] => 
    [action] => approve
    [token] => gemas_secret_n8n_token_2025
    [manager_phone] => 905525287286@s.whatsapp.net
)

2025-12-13 21:09:59 Request: Array
(
    [key_id] => 
    [action] => approve
    [token] => gemas_secret_n8n_token_2025
    [manager_phone] => 905525287286@s.whatsapp.net
)

2025-12-13 21:10:09 Request: Array
(
    [key_id] => 
    [action] => approve
    [token] => gemas_secret_n8n_token_2025
    [manager_phone] => 905525287286@s.whatsapp.net
)

2025-12-13 21:18:09 Request: Array
(
    [key_id] => 
    [action] => approve
    [token] => gemas_secret_n8n_token_2025
    [manager_phone] => 905525287286@s.whatsapp.net
)

2025-12-13 21:18:31 Request: Array
(
    [key_id] => 
    [action] => approve
    [token] => gemas_secret_n8n_token_2025
    [manager_phone] => 905525287286@s.whatsapp.net
)

2025-12-13 21:27:29 Request: Array
(
    [key_id] => 
    [action] => approve
    [token] => gemas_secret_n8n_token_2025
    [manager_phone] => 905525287286@s.whatsapp.net
)

2025-12-13 21:29:44 Request: Array
(
    [key_id] => 
    [action] => approve
    [token] => gemas_secret_n8n_token_2025
    [manager_phone] => 905525287286@s.whatsapp.net
)

2025-12-13 21:32:19 Request: Array
(
    [key_id] => 
    [action] => approve
    [token] => gemas_secret_n8n_token_2025
    [manager_phone] => 905525287286@s.whatsapp.net
)

2025-12-13 21:32:56 Request: Array
(
    [key_id] => =
    [action] => approve
    [token] => gemas_secret_n8n_token_2025
    [manager_phone] => 905525287286@s.whatsapp.net
)

2025-12-14 05:17:48 Request: Array
(
    [key_id] => =3EB0F98EA68F64145CDE38
    [action] => approve
    [token] => gemas_secret_n8n_token_2025
    [manager_phone] => 905525287286@s.whatsapp.net
)

2025-12-14 05:20:00 Request: Array
(
    [key_id] => 3EB0F98EA68F64145CDE38
    [action] => approve
    [token] => gemas_secret_n8n_token_2025
    [manager_phone] => 905525287286@s.whatsapp.net
)

2025-12-14 05:22:35 Request: Array
(
    [key_id] => 3EB0B1382A7AAEF2EAC339
    [action] => approve
    [token] => gemas_secret_n8n_token_2025
    [manager_phone] => 905525287286@s.whatsapp.net
)

2025-12-14 05:22:50 Request: Array
(
    [key_id] => 3EB0B1382A7AAEF2EAC339
    [action] => approve
    [token] => gemas_secret_n8n_token_2025
    [manager_phone] => 905525287286@s.whatsapp.net
)

2025-12-14 05:24:24 Request: Array
(
    [message_id] => 3EB0D37EB71C57E7E69A73
    [action] => approve
    [token] => gemas_secret_n8n_token_2025
    [manager_phone] => 905525287286@s.whatsapp.net
)

2025-12-14 05:25:03 Request: Array
(
    [message_id] => 3EB0D37EB71C57E7E69A73
    [action] => approve
    [token] => gemas_secret_n8n_token_2025
    [manager_phone] => 905525287286@s.whatsapp.net
)

2025-12-14 05:31:44 Request: Array
(
    [message_id] => 3EB06F9CF805578ADACFAD
    [action] => approve
    [token] => gemas_secret_n8n_token_2025
    [manager_phone] => 905525287286@s.whatsapp.net
)

2025-12-14 05:31:51 Request: Array
(
    [message_id] => 3EB06F9CF805578ADACFAD
    [action] => approve
    [token] => gemas_secret_n8n_token_2025
    [manager_phone] => 905525287286@s.whatsapp.net
)

2025-12-14 05:37:42 Request: Array
(
    [message_id] => 3EB0BB114855CBC64E5F81
    [action] => approve
    [token] => gemas_secret_n8n_token_2025
    [manager_phone] => 905525287286@s.whatsapp.net
)

2025-12-14 05:37:54 Request: Array
(
    [message_id] => 3EB0BB114855CBC64E5F81
    [action] => approve
    [token] => gemas_secret_n8n_token_2025
    [manager_phone] => 905525287286@s.whatsapp.net
)

2025-12-14 05:40:09 Request: Array
(
    [message_id] => 3EB0D0CC58F3C54EDCD030
    [action] => approve
    [token] => gemas_secret_n8n_token_2025
    [manager_phone] => 905525287286@s.whatsapp.net
)

2025-12-14 05:40:19 Request: Array
(
    [message_id] => 3EB0D0CC58F3C54EDCD030
    [action] => approve
    [token] => gemas_secret_n8n_token_2025
    [manager_phone] => 905525287286@s.whatsapp.net
)

2025-12-14 05:43:59 Request: Array
(
    [message_id] => 3EB0928763FACBE6C1B1B3
    [action] => approve
    [token] => gemas_secret_n8n_token_2025
    [manager_phone] => 905525287286@s.whatsapp.net
)

2025-12-14 05:44:06 Request: Array
(
    [message_id] => 3EB0928763FACBE6C1B1B3
    [action] => reject
    [token] => gemas_secret_n8n_token_2025
    [manager_phone] => 905525287286@s.whatsapp.net
)

2025-12-14 05:44:10 Request: Array
(
    [message_id] => 3EB0928763FACBE6C1B1B3
    [action] => approve
    [token] => gemas_secret_n8n_token_2025
    [manager_phone] => 905525287286@s.whatsapp.net
)

2025-12-14 05:47:41 Request: Array
(
    [message_id] => 3EB0573CAD125802E58DB0
    [action] => approve
    [token] => gemas_secret_n8n_token_2025
    [manager_phone] => 905525287286@s.whatsapp.net
)

2025-12-14 05:47:47 Request: Array
(
    [message_id] => 3EB0573CAD125802E58DB0
    [action] => reject
    [token] => gemas_secret_n8n_token_2025
    [manager_phone] => 905525287286@s.whatsapp.net
)

2025-12-14 05:47:57 Request: Array
(
    [message_id] => 3EB0573CAD125802E58DB0
    [action] => approve
    [token] => gemas_secret_n8n_token_2025
    [manager_phone] => 905525287286@s.whatsapp.net
)

2025-12-14 05:54:12 Request: Array
(
    [message_id] => 3EB09D913473DEA76D3CE3
    [action] => approve
    [token] => gemas_secret_n8n_token_2025
    [manager_phone] => 905525287286@s.whatsapp.net
)

2025-12-14 05:54:15 Request: Array
(
    [message_id] => 3EB09D913473DEA76D3CE3
    [action] => reject
    [token] => gemas_secret_n8n_token_2025
    [manager_phone] => 905525287286@s.whatsapp.net
)

2025-12-14 05:54:17 Request: Array
(
    [message_id] => 3EB09D913473DEA76D3CE3
    [action] => approve
    [token] => gemas_secret_n8n_token_2025
    [manager_phone] => 905525287286@s.whatsapp.net
)

2025-12-14 05:58:42 Request: Array
(
    [message_id] => 3EB091090C358B39C664F7
    [action] => approve
    [token] => gemas_secret_n8n_token_2025
    [manager_phone] => 905525287286@s.whatsapp.net
)

2025-12-14 05:58:57 Request: Array
(
    [message_id] => 3EB091090C358B39C664F7
    [action] => reject
    [token] => gemas_secret_n8n_token_2025
    [manager_phone] => 905525287286@s.whatsapp.net
)

2025-12-14 06:09:57 Request: Array
(
    [message_id] => 3EB0565FF0504027F11643
    [action] => approve
    [token] => gemas_secret_n8n_token_2025
    [manager_phone] => 905525287286@s.whatsapp.net
)

2025-12-14 06:11:23 Request: Array
(
    [message_id] => 3EB0565FF0504027F11643
    [action] => reject
    [token] => gemas_secret_n8n_token_2025
    [manager_phone] => 905525287286@s.whatsapp.net
)

2025-12-14 06:14:19 Request: Array
(
    [message_id] => 3EB0565FF0504027F11643
    [action] => approve
    [token] => gemas_secret_n8n_token_2025
    [manager_phone] => 905525287286@s.whatsapp.net
)

2025-12-14 06:14:22 Request: Array
(
    [message_id] => 3EB0565FF0504027F11643
    [action] => reject
    [token] => gemas_secret_n8n_token_2025
    [manager_phone] => 905525287286@s.whatsapp.net
)

2025-12-14 06:17:39 Request: Array
(
    [message_id] => 3EB0565FF0504027F11643
    [action] => approve
    [token] => gemas_secret_n8n_token_2025
    [manager_phone] => 905525287286@s.whatsapp.net
)

2025-12-14 06:17:44 Request: Array
(
    [message_id] => 3EB0565FF0504027F11643
    [action] => reject
    [token] => gemas_secret_n8n_token_2025
    [manager_phone] => 905525287286@s.whatsapp.net
)

2025-12-14 06:20:04 Request: Array
(
    [message_id] => 3EB0565FF0504027F11643
    [action] => approve
    [token] => gemas_secret_n8n_token_2025
    [manager_phone] => 905525287286@s.whatsapp.net
)

2025-12-14 06:20:08 Request: Array
(
    [message_id] => 3EB0565FF0504027F11643
    [action] => reject
    [token] => gemas_secret_n8n_token_2025
    [manager_phone] => 905525287286@s.whatsapp.net
)

2025-12-14 06:20:12 Request: Array
(
    [message_id] => 3EB0565FF0504027F11643
    [action] => approve
    [token] => gemas_secret_n8n_token_2025
    [manager_phone] => 905525287286@s.whatsapp.net
)

2025-12-14 06:22:11 Request: Array
(
    [message_id] => 3EB0565FF0504027F11643
    [action] => reject
    [token] => gemas_secret_n8n_token_2025
    [manager_phone] => 905525287286@s.whatsapp.net
)

2025-12-14 06:22:16 Request: Array
(
    [message_id] => 3EB0565FF0504027F11643
    [action] => approve
    [token] => gemas_secret_n8n_token_2025
    [manager_phone] => 905525287286@s.whatsapp.net
)

2025-12-14 06:26:28 Request: Array
(
    [message_id] => 3EB011B782DC86C8C5353F
    [action] => approve
    [token] => gemas_secret_n8n_token_2025
    [manager_phone] => 905525287286@s.whatsapp.net
)

2025-12-14 06:26:30 Request: Array
(
    [message_id] => 3EB011B782DC86C8C5353F
    [action] => reject
    [token] => gemas_secret_n8n_token_2025
    [manager_phone] => 905525287286@s.whatsapp.net
)

2025-12-14 06:28:29 Request: Array
(
    [message_id] => 3EB0AD714430C6EE3F50C4
    [action] => approve
    [token] => gemas_secret_n8n_token_2025
    [manager_phone] => 905525287286@s.whatsapp.net
)

2025-12-14 06:28:37 Request: Array
(
    [message_id] => 3EB0AD714430C6EE3F50C4
    [action] => reject
    [token] => gemas_secret_n8n_token_2025
    [manager_phone] => 905525287286@s.whatsapp.net
)

2025-12-14 06:28:40 Request: Array
(
    [message_id] => 3EB0AD714430C6EE3F50C4
    [action] => approve
    [token] => gemas_secret_n8n_token_2025
    [manager_phone] => 905525287286@s.whatsapp.net
)

2025-12-14 06:34:28 Request: Array
(
    [message_id] => 3EB0AD714430C6EE3F50C4
    [action] => approve
    [token] => gemas_secret_n8n_token_2025
    [manager_phone] => 905525287286@s.whatsapp.net
)

2025-12-14 06:34:35 Request: Array
(
    [message_id] => 3EB0AD714430C6EE3F50C4
    [action] => reject
    [token] => gemas_secret_n8n_token_2025
    [manager_phone] => 905525287286@s.whatsapp.net
)

2025-12-14 06:41:50 Request: Array
(
    [message_id] => 3EB05FE2528E2F6348FD9D
    [action] => approve
    [token] => gemas_secret_n8n_token_2025
    [manager_phone] => 905525287286@s.whatsapp.net
)

2025-12-14 06:43:10 Request: Array
(
    [message_id] => 3EB05FE2528E2F6348FD9D
    [action] => reject
    [token] => gemas_secret_n8n_token_2025
    [manager_phone] => 905525287286@s.whatsapp.net
)

2025-12-14 06:47:26 Request: Array
(
    [message_id] => 3EB0409F0E0C60E63E70B8
    [action] => approve
    [token] => gemas_secret_n8n_token_2025
    [manager_phone] => 905525287286@s.whatsapp.net
)

2025-12-14 09:28:10 Request: Array
(
    [message_id] => 3EB0114C2E6F4E845E13C7
    [action] => reject
    [token] => gemas_secret_n8n_token_2025
    [manager_phone] => 905525287286@s.whatsapp.net
)

2025-12-14 09:28:15 Request: Array
(
    [message_id] => 3EB0114C2E6F4E845E13C7
    [action] => approve
    [token] => gemas_secret_n8n_token_2025
    [manager_phone] => 905525287286@s.whatsapp.net
)

2025-12-14 09:28:29 Request: Array
(
    [message_id] => 3EB0114C2E6F4E845E13C7
    [action] => reject
    [token] => gemas_secret_n8n_token_2025
    [manager_phone] => 905525287286@s.whatsapp.net
)

2025-12-14 09:28:32 Request: Array
(
    [message_id] => 3EB0114C2E6F4E845E13C7
    [action] => approve
    [token] => gemas_secret_n8n_token_2025
    [manager_phone] => 905525287286@s.whatsapp.net
)

2025-12-14 09:33:43 Request: Array
(
    [message_id] => 3EB0B114831D7ACA1B40D4
    [action] => approve
    [token] => gemas_secret_n8n_token_2025
    [manager_phone] => 905525287286@s.whatsapp.net
)

2025-12-14 09:35:53 Request: Array
(
    [message_id] => 3EB0D8ABBF8C272292B301
    [action] => approve
    [token] => gemas_secret_n8n_token_2025
    [manager_phone] => 905525287286@s.whatsapp.net
)

2025-12-14 09:36:08 Request: Array
(
    [message_id] => 3EB0D8ABBF8C272292B301
    [action] => reject
    [token] => gemas_secret_n8n_token_2025
    [manager_phone] => 905525287286@s.whatsapp.net
)

2025-12-14 09:42:31 Request: Array
(
    [message_id] => 3EB0D8ABBF8C272292B301
    [action] => approve
    [token] => gemas_secret_n8n_token_2025
    [manager_phone] => 905525287286@s.whatsapp.net
)

2025-12-14 09:44:44 Request: Array
(
    [message_id] => 3EB0955DDD9BB8FB35630C
    [action] => approve
    [token] => gemas_secret_n8n_token_2025
    [manager_phone] => 905525287286@s.whatsapp.net
)

2025-12-14 09:49:19 Request: Array
(
    [message_id] => 3EB0859904EFF678B17DD1
    [action] => approve
    [token] => gemas_secret_n8n_token_2025
    [manager_phone] => 905525287286@s.whatsapp.net
)

2025-12-15 09:30:16 Request: Array
(
    [message_id] => 3EB040E27315E9F5DD4AFD
    [action] => approve
    [token] => gemas_secret_n8n_token_2025
    [manager_phone] => 905525287286@s.whatsapp.net
)

2025-12-15 09:52:18 Request: Array
(
    [message_id] => 3EB0286581A6A8D4E62597
    [action] => approve
    [token] => gemas_secret_n8n_token_2025
    [manager_phone] => 905525287286@s.whatsapp.net
)

2025-12-15 11:08:13 Request: Array
(
    [message_id] => 3EB03C1EA6976ED3EBBEC4
    [action] => approve
    [token] => gemas_secret_n8n_token_2025
    [manager_phone] => 905525287286@s.whatsapp.net
)

2025-12-15 11:10:10 Request: Array
(
    [message_id] => 3EB059CEC1838B583C6B6C
    [action] => approve
    [token] => gemas_secret_n8n_token_2025
    [manager_phone] => 905525287286@s.whatsapp.net
)

2025-12-15 11:13:07 Request: Array
(
    [message_id] => 3EB005F7005F6D2C7A6CBA
    [action] => approve
    [token] => gemas_secret_n8n_token_2025
    [manager_phone] => 905525287286@s.whatsapp.net
)

2025-12-15 11:16:59 Request: Array
(
    [message_id] => 3EB02039A8EF332B5D0840
    [action] => approve
    [token] => gemas_secret_n8n_token_2025
    [manager_phone] => 905525287286@s.whatsapp.net
)

2025-12-15 11:18:57 Request: Array
(
    [message_id] => 3EB03185477020E3B0B4B0
    [action] => approve
    [token] => gemas_secret_n8n_token_2025
    [manager_phone] => 905525287286@s.whatsapp.net
)

2025-12-15 11:20:59 Request: Array
(
    [message_id] => 3EB029C73D3FA0F3F87D78
    [action] => approve
    [token] => gemas_secret_n8n_token_2025
    [manager_phone] => 905525287286@s.whatsapp.net
)

2025-12-15 11:23:22 Request: Array
(
    [message_id] => 3EB0C565A2AF7AB8B4EF25
    [action] => approve
    [token] => gemas_secret_n8n_token_2025
    [manager_phone] => 905525287286@s.whatsapp.net
)

2025-12-15 11:26:47 Request: Array
(
    [message_id] => 3EB06B249AAC5262F308EB
    [action] => approve
    [token] => gemas_secret_n8n_token_2025
    [manager_phone] => 905525287286@s.whatsapp.net
)

2025-12-15 11:40:48 Request: Array
(
    [message_id] => 3EB053442DFFD8BE4039F4
    [action] => approve
    [token] => gemas_secret_n8n_token_2025
    [manager_phone] => 905525287286@s.whatsapp.net
)

2025-12-15 11:44:02 Request: Array
(
    [message_id] => 3EB0F9564E762E48A078C3
    [action] => approve
    [token] => gemas_secret_n8n_token_2025
    [manager_phone] => 905525287286@s.whatsapp.net
)

2025-12-15 11:46:35 Request: Array
(
    [message_id] => 3EB004EF1DEBF8AD457E46
    [action] => approve
    [token] => gemas_secret_n8n_token_2025
    [manager_phone] => 905525287286@s.whatsapp.net
)

2025-12-15 11:51:32 Request: Array
(
    [message_id] => 3EB08305FAF9AF4678C4BF
    [action] => approve
    [token] => gemas_secret_n8n_token_2025
    [manager_phone] => 905525287286@s.whatsapp.net
)

2025-12-15 11:53:55 Request: Array
(
    [message_id] => 3EB03170F97B995FB257F8
    [action] => approve
    [token] => gemas_secret_n8n_token_2025
    [manager_phone] => 905525287286@s.whatsapp.net
)

2025-12-15 11:56:23 Request: Array
(
    [message_id] => 3EB07C75F4230E86ECC522
    [action] => approve
    [token] => gemas_secret_n8n_token_2025
    [manager_phone] => 905525287286@s.whatsapp.net
)

2025-12-15 12:00:31 Request: Array
(
    [message_id] => 3EB09EE3F198510067E2CD
    [action] => approve
    [token] => gemas_secret_n8n_token_2025
    [manager_phone] => 905525287286@s.whatsapp.net
)

2025-12-15 12:02:39 Request: Array
(
    [message_id] => 3EB0AE781B0DDF039888F1
    [action] => approve
    [token] => gemas_secret_n8n_token_2025
    [manager_phone] => 905525287286@s.whatsapp.net
)

2025-12-15 12:08:02 Request: Array
(
    [message_id] => 3EB04A348D0E175DD21EE2
    [action] => approve
    [token] => gemas_secret_n8n_token_2025
    [manager_phone] => 905525287286@s.whatsapp.net
)

2025-12-15 14:00:56 Request: Array
(
    [message_id] => 3EB09BAC1DCBE77D185764
    [action] => approve
    [token] => gemas_secret_n8n_token_2025
    [manager_phone] => 905525287286@s.whatsapp.net
)

2025-12-15 14:13:01 Request: Array
(
    [message_id] => 3EB00DBD5E2F47C0075FBB
    [action] => approve
    [token] => gemas_secret_n8n_token_2025
    [manager_phone] => 905525287286@s.whatsapp.net
)

2025-12-15 14:13:58 Request: Array
(
    [message_id] => 3EB0CB3839C87328845E9F
    [action] => approve
    [token] => gemas_secret_n8n_token_2025
    [manager_phone] => 905525287286@s.whatsapp.net
)

2025-12-15 14:17:38 Request: Array
(
    [message_id] => 3EB04CE04D9BA09D5F74AC
    [action] => approve
    [token] => gemas_secret_n8n_token_2025
    [manager_phone] => 905525287286@s.whatsapp.net
)

2025-12-15 14:21:17 Request: Array
(
    [message_id] => 3EB05154D53BA3E6ECE1F7
    [action] => approve
    [token] => gemas_secret_n8n_token_2025
    [manager_phone] => 905525287286@s.whatsapp.net
)

2025-12-15 14:27:26 Request: Array
(
    [message_id] => 3EB07FEFEA8A1C712B72E5
    [action] => approve
    [token] => gemas_secret_n8n_token_2025
    [manager_phone] => 905525287286@s.whatsapp.net
)

2025-12-15 14:29:34 Request: Array
(
    [message_id] => 3EB0E386BA79FBC220C812
    [action] => approve
    [token] => gemas_secret_n8n_token_2025
    [manager_phone] => 905525287286@s.whatsapp.net
)

2025-12-15 14:30:22 Request: Array
(
    [message_id] => 3EB052A8B47BAB86D6816B
    [action] => approve
    [token] => gemas_secret_n8n_token_2025
    [manager_phone] => 905525287286@s.whatsapp.net
)

2025-12-15 14:33:25 Request: Array
(
    [message_id] => 3EB0FBEF6103323B464A3D
    [action] => approve
    [token] => gemas_secret_n8n_token_2025
    [manager_phone] => 905525287286@s.whatsapp.net
)

2025-12-16 14:23:18 Request: Array
(
    [message_id] => 3EB02E6C2BDA4EA9D16C7E
    [action] => approve
    [token] => gemas_secret_n8n_token_2025
    [manager_phone] => 905525287286@s.whatsapp.net
)

2025-12-16 14:46:10 Request: Array
(
    [message_id] => 3EB0D5CFA3BBC45192D78F
    [action] => approve
    [token] => gemas_secret_n8n_token_2025
    [manager_phone] => 905525287286@s.whatsapp.net
)

2025-12-16 15:21:04 Request: Array
(
    [message_id] => 3EB00599FA9CACCA9113D4
    [action] => approve
    [token] => gemas_secret_n8n_token_2025
    [manager_phone] => 905525287286@s.whatsapp.net
)

2025-12-17 13:47:42 Request: Array
(
    [message_id] => 3EB07337871C62E71B383D
    [action] => approve
    [token] => gemas_secret_n8n_token_2025
    [manager_phone] => 905525287286@s.whatsapp.net
)

